Using pre-set license
Built from '2022.3/release' branch; Version is '2022.3.20f1 (61c2feb0970d) revision 6406910'; Using compiler version '192829333'; Build Type 'Release'
OS: 'Windows 11  (10.0.22631) 64bit Core' Language: 'en' Physical Memory: 15754 MB
BatchMode: 1, IsHumanControllingUs: 0, StartBugReporterOnCrash: 0, Is64bit: 1, IsPro: 1

COMMAND LINE ARGUMENTS:
C:\Program Files\Unity\Hub\Editor\2022.3.20f1\Editor\Unity.exe
-adb2
-batchMode
-noUpm
-name
AssetImportWorker1
-projectPath
C:/Users/makem/Documents/GitHub/VRUnityTutorial
-logFile
Logs/AssetImportWorker1.log
-srvPort
64702
Successfully changed project path to: C:/Users/makem/Documents/GitHub/VRUnityTutorial
C:/Users/makem/Documents/GitHub/VRUnityTutorial
[UnityMemory] Configuration Parameters - Can be set up in boot.config
    "memorysetup-bucket-allocator-granularity=16"
    "memorysetup-bucket-allocator-bucket-count=8"
    "memorysetup-bucket-allocator-block-size=33554432"
    "memorysetup-bucket-allocator-block-count=8"
    "memorysetup-main-allocator-block-size=16777216"
    "memorysetup-thread-allocator-block-size=16777216"
    "memorysetup-gfx-main-allocator-block-size=16777216"
    "memorysetup-gfx-thread-allocator-block-size=16777216"
    "memorysetup-cache-allocator-block-size=4194304"
    "memorysetup-typetree-allocator-block-size=2097152"
    "memorysetup-profiler-bucket-allocator-granularity=16"
    "memorysetup-profiler-bucket-allocator-bucket-count=8"
    "memorysetup-profiler-bucket-allocator-block-size=33554432"
    "memorysetup-profiler-bucket-allocator-block-count=8"
    "memorysetup-profiler-allocator-block-size=16777216"
    "memorysetup-profiler-editor-allocator-block-size=1048576"
    "memorysetup-temp-allocator-size-main=16777216"
    "memorysetup-job-temp-allocator-block-size=2097152"
    "memorysetup-job-temp-allocator-block-size-background=1048576"
    "memorysetup-job-temp-allocator-reduction-small-platforms=262144"
    "memorysetup-allocator-temp-initial-block-size-main=262144"
    "memorysetup-allocator-temp-initial-block-size-worker=262144"
    "memorysetup-temp-allocator-size-background-worker=32768"
    "memorysetup-temp-allocator-size-job-worker=262144"
    "memorysetup-temp-allocator-size-preload-manager=33554432"
    "memorysetup-temp-allocator-size-nav-mesh-worker=65536"
    "memorysetup-temp-allocator-size-audio-worker=65536"
    "memorysetup-temp-allocator-size-cloud-worker=32768"
    "memorysetup-temp-allocator-size-gi-baking-worker=262144"
    "memorysetup-temp-allocator-size-gfx=262144"
Player connection [19708] Host "[IP] 192.168.0.247 [Port] 0 [Flags] 2 [Guid] 251221050 [EditorId] 251221050 [Version] 1048832 [Id] WindowsEditor(7,MSI) [Debug] 1 [PackageName] WindowsEditor [ProjectName] Editor" joined multi-casting on [225.0.0.222:54997]...

Player connection [19708] Host "[IP] 192.168.0.247 [Port] 0 [Flags] 2 [Guid] 251221050 [EditorId] 251221050 [Version] 1048832 [Id] WindowsEditor(7,MSI) [Debug] 1 [PackageName] WindowsEditor [ProjectName] Editor" joined alternative multi-casting on [225.0.0.222:34997]...

[Physics::Module] Initialized MultithreadedJobDispatcher with 15 workers.
Refreshing native plugins compatible for Editor in 29.32 ms, found 13 plugins.
Preloading 1 native plugins for Editor in 0.59 ms.
Initialize engine version: 2022.3.20f1 (61c2feb0970d)
[Subsystems] Discovering subsystems at path C:/Program Files/Unity/Hub/Editor/2022.3.20f1/Editor/Data/Resources/UnitySubsystems
[Subsystems] Discovering subsystems at path C:/Users/makem/Documents/GitHub/VRUnityTutorial/Assets
GfxDevice: creating device client; threaded=0; jobified=0
Direct3D:
    Version:  Direct3D 11.0 [level 11.1]
    Renderer: AMD Radeon RX 6700M (ID=0x73df)
    Vendor:   ATI
    VRAM:     10194 MB
    Driver:   31.0.14057.5006
Initialize mono
Mono path[0] = 'C:/Program Files/Unity/Hub/Editor/2022.3.20f1/Editor/Data/Managed'
Mono path[1] = 'C:/Program Files/Unity/Hub/Editor/2022.3.20f1/Editor/Data/MonoBleedingEdge/lib/mono/unityjit-win32'
Mono config path = 'C:/Program Files/Unity/Hub/Editor/2022.3.20f1/Editor/Data/MonoBleedingEdge/etc'
Using monoOptions --debugger-agent=transport=dt_socket,embedding=1,server=y,suspend=n,address=127.0.0.1:56060
Begin MonoManager ReloadAssembly
Registering precompiled unity dll's ...
Register platform support module: C:/Program Files/Unity/Hub/Editor/2022.3.20f1/Editor/Data/PlaybackEngines/WebGLSupport/UnityEditor.WebGL.Extensions.dll
Register platform support module: C:/Program Files/Unity/Hub/Editor/2022.3.20f1/Editor/Data/PlaybackEngines/AndroidPlayer/UnityEditor.Android.Extensions.dll
Register platform support module: C:/Program Files/Unity/Hub/Editor/2022.3.20f1/Editor/Data/PlaybackEngines/iOSSupport/UnityEditor.iOS.Extensions.dll
Register platform support module: C:/Program Files/Unity/Hub/Editor/2022.3.20f1/Editor/Data/PlaybackEngines/WindowsStandaloneSupport/UnityEditor.WindowsStandalone.Extensions.dll
Register platform support module: C:/Program Files/Unity/Hub/Editor/2022.3.20f1/Editor/Data/PlaybackEngines/MetroSupport/UnityEditor.UWP.Extensions.dll
Registered in 0.012998 seconds.
- Loaded All Assemblies, in  0.500 seconds
Native extension for UWP target not found
Native extension for WindowsStandalone target not found
[usbmuxd] Start listen thread
[usbmuxd] Listen thread started
Native extension for iOS target not found
Native extension for Android target not found
Android Extension - Scanning For ADB Devices 281 ms
Native extension for WebGL target not found
Mono: successfully reloaded assembly
- Finished resetting the current domain, in  0.621 seconds
Domain Reload Profiling: 1119ms
	BeginReloadAssembly (173ms)
		ExecutionOrderSort (0ms)
		DisableScriptedObjects (0ms)
		BackupInstance (0ms)
		ReleaseScriptingObjects (0ms)
		CreateAndSetChildDomain (1ms)
	RebuildCommonClasses (43ms)
	RebuildNativeTypeToScriptingClass (9ms)
	initialDomainReloadingComplete (67ms)
	LoadAllAssembliesAndSetupDomain (206ms)
		LoadAssemblies (177ms)
		RebuildTransferFunctionScriptingTraits (0ms)
		AnalyzeDomain (199ms)
			TypeCache.Refresh (197ms)
				TypeCache.ScanAssembly (177ms)
			ScanForSourceGeneratedMonoScriptInfo (1ms)
			ResolveRequiredComponents (0ms)
	FinalizeReload (621ms)
		ReleaseScriptCaches (0ms)
		RebuildScriptCaches (0ms)
		SetupLoadedEditorAssemblies (566ms)
			LogAssemblyErrors (0ms)
			InitializePlatformSupportModulesInManaged (403ms)
			SetLoadedEditorAssemblies (3ms)
			RefreshPlugins (0ms)
			BeforeProcessingInitializeOnLoad (3ms)
			ProcessInitializeOnLoadAttributes (114ms)
			ProcessInitializeOnLoadMethodAttributes (43ms)
			AfterProcessingInitializeOnLoad (0ms)
			EditorAssembliesLoaded (0ms)
		ExecutionOrderSort2 (0ms)
		AwakeInstancesAfterBackupRestoration (0ms)
========================================================================
Worker process is ready to serve import requests
Begin MonoManager ReloadAssembly
- Loaded All Assemblies, in  0.951 seconds
Refreshing native plugins compatible for Editor in 18.87 ms, found 13 plugins.
Native extension for UWP target not found
Native extension for WindowsStandalone target not found
Native extension for iOS target not found
Native extension for Android target not found
Native extension for WebGL target not found
Package Manager log level set to [2]
[Package Manager] Server::EnsureServerProcessIsRunning -- launch failed, reason: Unity was launched with the -noUpm command-line argument
[Package Manager] UpmClient::Send -- Unable to send message (not connected to UPM process).
[Package Manager] Cannot connect to Unity Package Manager local server
[Package Manager] Server::EnsureServerProcessIsRunning -- launch failed, reason: Unity was launched with the -noUpm command-line argument
[Package Manager] UpmClient::Send -- Unable to send message (not connected to UPM process).
[Package Manager] Cannot connect to Unity Package Manager local server
System.Reflection.TargetInvocationException: Exception has been thrown by the target of an invocation. ---> System.NullReferenceException: Object reference not set to an instance of an object
  at Unity.XR.Oculus.OculusLoader.AssetPathToAbsolutePath (System.String assetPath) [0x0003d] in .\Library\PackageCache\com.unity.xr.oculus@4.1.2\Runtime\OculusLoader.cs:287 
  at Unity.XR.Oculus.OculusLoader.EditorLoadOVRPlugin () [0x00084] in .\Library\PackageCache\com.unity.xr.oculus@4.1.2\Runtime\OculusLoader.cs:272 
  at (wrapper managed-to-native) System.Reflection.RuntimeMethodInfo.InternalInvoke(System.Reflection.RuntimeMethodInfo,object,object[],System.Exception&)
  at System.Reflection.RuntimeMethodInfo.Invoke (System.Object obj, System.Reflection.BindingFlags invokeAttr, System.Reflection.Binder binder, System.Object[] parameters, System.Globalization.CultureInfo culture) [0x0006a] in <dc753a1061284f8e971ee88ee4826eee>:0 
   --- End of inner exception stack trace ---
  at System.Reflection.RuntimeMethodInfo.Invoke (System.Object obj, System.Reflection.BindingFlags invokeAttr, System.Reflection.Binder binder, System.Object[] parameters, System.Globalization.CultureInfo culture) [0x00083] in <dc753a1061284f8e971ee88ee4826eee>:0 
  at System.Reflection.MethodBase.Invoke (System.Object obj, System.Object[] parameters) [0x00000] in <dc753a1061284f8e971ee88ee4826eee>:0 
  at UnityEditor.EditorAssemblies.ProcessInitializeOnLoadMethodAttributes () [0x000a5] in <5d5ebefe97114215928ac1d9cd096522>:0 
UnityEngine.StackTraceUtility:ExtractStackTrace ()
UnityEngine.DebugLogHandler:LogFormat (UnityEngine.LogType,UnityEngine.Object,string,object[])
UnityEngine.Logger:Log (UnityEngine.LogType,object)
UnityEngine.Debug:LogError (object)
UnityEditor.EditorAssemblies:ProcessInitializeOnLoadMethodAttributes ()

Mono: successfully reloaded assembly
[Package Manager] Server::EnsureServerProcessIsRunning -- launch failed, reason: Unity was launched with the -noUpm command-line argument
[Package Manager] UpmClient::Send -- Unable to send message (not connected to UPM process).
[Package Manager] Cannot connect to Unity Package Manager local server
[Package Manager] Server::EnsureServerProcessIsRunning -- launch failed, reason: Unity was launched with the -noUpm command-line argument
[Package Manager] UpmClient::Send -- Unable to send message (not connected to UPM process).
[Package Manager] Cannot connect to Unity Package Manager local server
- Finished resetting the current domain, in  0.764 seconds
Domain Reload Profiling: 1710ms
	BeginReloadAssembly (152ms)
		ExecutionOrderSort (0ms)
		DisableScriptedObjects (5ms)
		BackupInstance (0ms)
		ReleaseScriptingObjects (0ms)
		CreateAndSetChildDomain (21ms)
	RebuildCommonClasses (29ms)
	RebuildNativeTypeToScriptingClass (9ms)
	initialDomainReloadingComplete (45ms)
	LoadAllAssembliesAndSetupDomain (709ms)
		LoadAssemblies (489ms)
		RebuildTransferFunctionScriptingTraits (0ms)
		AnalyzeDomain (311ms)
			TypeCache.Refresh (262ms)
				TypeCache.ScanAssembly (234ms)
			ScanForSourceGeneratedMonoScriptInfo (37ms)
			ResolveRequiredComponents (11ms)
	FinalizeReload (764ms)
		ReleaseScriptCaches (0ms)
		RebuildScriptCaches (0ms)
		SetupLoadedEditorAssemblies (591ms)
			LogAssemblyErrors (0ms)
			InitializePlatformSupportModulesInManaged (35ms)
			SetLoadedEditorAssemblies (3ms)
			RefreshPlugins (0ms)
			BeforeProcessingInitializeOnLoad (80ms)
			ProcessInitializeOnLoadAttributes (357ms)
			ProcessInitializeOnLoadMethodAttributes (109ms)
			AfterProcessingInitializeOnLoad (7ms)
			EditorAssembliesLoaded (0ms)
		ExecutionOrderSort2 (0ms)
		AwakeInstancesAfterBackupRestoration (6ms)
Launched and connected shader compiler UnityShaderCompiler.exe after 0.06 seconds
Refreshing native plugins compatible for Editor in 18.67 ms, found 13 plugins.
Preloading 1 native plugins for Editor in 0.07 ms.
Unloading 6265 Unused Serialized files (Serialized files now loaded: 0)
Unloading 116 unused Assets / (408.6 KB). Loaded Objects now: 6763.
Memory consumption went from 240.6 MB to 240.2 MB.
Total: 5.403000 ms (FindLiveObjects: 0.528400 ms CreateObjectMapping: 0.543700 ms MarkObjects: 4.030100 ms  DeleteObjects: 0.299600 ms)

AssetImportParameters requested are different than current active one (requested -> active):
  custom:container-demuxer-ogg: 62fdf1f143b41e24485cea50d1cbac27 -> 
  custom:video-decoder-ogg-theora: a1e56fd34408186e4bbccfd4996cb3dc -> 
  custom:framework-win-MediaFoundation: 216162199b28c13a410421893ffa2e32 -> 
  custom:CustomObjectIndexerAttribute: 62b5816608c3102f162a1797e29626cf -> 
  custom:container-demuxer-webm: 4f35f7cbe854078d1ac9338744f61a02 -> 
  custom:container-muxer-webm: aa71ff27fc2769a1b78a27578f13a17b -> 
  custom:video-decoder-webm-vp8: 9c59270c3fd7afecdb556c50c9e8de78 -> 
  custom:SearchIndexIgnoredProperties: e643bd26f0fe6173181afceb89e7c659 -> 
  custom:AudioImporter_EditorPlatform: d09bf68614088b80899f8185d706f6e7 -> 
  custom:video-encoder-webm-vp8: eb34c28f22e8b96e1ab97ce403110664 -> 
  custom:audio-decoder-ogg-vorbis: bf7c407c2cedff20999df2af8eb42d56 -> 
  custom:audio-encoder-webm-vorbis: bf7c407c2cedff20999df2af8eb42d56 -> 
========================================================================
Received Import Request.
  Time since last request: 17251.959286 seconds.
  path: Assets/com.gleechi.unity.virtualgrasp/Editor/VirtualGrasp/Gleechi.VirtualGrasp.Editor.asmdef
  artifactKey: Guid(fc18289a8cd01604588249d45e0e1af3) Importer(815301076,1909f56bfc062723c751e8b465ee728b)
Start importing Assets/com.gleechi.unity.virtualgrasp/Editor/VirtualGrasp/Gleechi.VirtualGrasp.Editor.asmdef using Guid(fc18289a8cd01604588249d45e0e1af3) Importer(815301076,1909f56bfc062723c751e8b465ee728b)  -> (artifact id: '57006e27f6845f102e1889b32d97b416') in 0.001946 seconds
Number of updated asset objects reloaded before import = 0
Number of asset objects unloaded after import = 0
========================================================================
Received Import Request.
  Time since last request: 0.000042 seconds.
  path: Assets/com.gleechi.unity.virtualgrasp/Editor/Build/Gleechi.VirtualGrasp.Build.asmdef
  artifactKey: Guid(6e5d94eb017cf544190f4e182b71c201) Importer(815301076,1909f56bfc062723c751e8b465ee728b)
Start importing Assets/com.gleechi.unity.virtualgrasp/Editor/Build/Gleechi.VirtualGrasp.Build.asmdef using Guid(6e5d94eb017cf544190f4e182b71c201) Importer(815301076,1909f56bfc062723c751e8b465ee728b)  -> (artifact id: 'a4f4422f39e306a17b58d9aba1b4c223') in 0.000725 seconds
Number of updated asset objects reloaded before import = 0
Number of asset objects unloaded after import = 0
========================================================================
Received Import Request.
  Time since last request: 42.634269 seconds.
  path: Assets/com.gleechi.unity.virtualgrasp/Samples/Tests/Materials/M_Gray.mat
  artifactKey: Guid(0debef469a434684da5407b645859aa2) Importer(815301076,1909f56bfc062723c751e8b465ee728b)
Start importing Assets/com.gleechi.unity.virtualgrasp/Samples/Tests/Materials/M_Gray.mat using Guid(0debef469a434684da5407b645859aa2) Importer(815301076,1909f56bfc062723c751e8b465ee728b)  -> (artifact id: 'acc135a52b9c6f8dc37b39fd64c34014') in 0.243527 seconds
Number of updated asset objects reloaded before import = 0
Number of asset objects unloaded after import = 2
========================================================================
Received Import Request.
  Time since last request: 0.000023 seconds.
  path: Assets/com.gleechi.unity.virtualgrasp/Samples/Tests/Materials/M_Yellow.mat
  artifactKey: Guid(826669e627de8184b8b144d640883992) Importer(815301076,1909f56bfc062723c751e8b465ee728b)
Start importing Assets/com.gleechi.unity.virtualgrasp/Samples/Tests/Materials/M_Yellow.mat using Guid(826669e627de8184b8b144d640883992) Importer(815301076,1909f56bfc062723c751e8b465ee728b)  -> (artifact id: '61086b591c66b8eadb4788f612dfa236') in 0.006699 seconds
Number of updated asset objects reloaded before import = 0
Number of asset objects unloaded after import = 2
========================================================================
Received Import Request.
  Time since last request: 0.148221 seconds.
  path: Assets/com.gleechi.unity.virtualgrasp/Samples/Tests/Meshes/SM_cuttingBoard.fbx
  artifactKey: Guid(bff4884f5790846469514e00e4faa531) Importer(815301076,1909f56bfc062723c751e8b465ee728b)
Start importing Assets/com.gleechi.unity.virtualgrasp/Samples/Tests/Meshes/SM_cuttingBoard.fbx using Guid(bff4884f5790846469514e00e4faa531) Importer(815301076,1909f56bfc062723c751e8b465ee728b)  -> (artifact id: 'f3b33e2d129bc27a2e0eb8fabe2bd0fe') in 0.152687 seconds
Number of updated asset objects reloaded before import = 0
Number of asset objects unloaded after import = 10
========================================================================
Received Import Request.
  Time since last request: 0.000034 seconds.
  path: Assets/com.gleechi.unity.virtualgrasp/Samples/Tests/Meshes/SM_hammer.fbx
  artifactKey: Guid(7f35f731274f28f41a704dbfde49c6d0) Importer(815301076,1909f56bfc062723c751e8b465ee728b)
Start importing Assets/com.gleechi.unity.virtualgrasp/Samples/Tests/Meshes/SM_hammer.fbx using Guid(7f35f731274f28f41a704dbfde49c6d0) Importer(815301076,1909f56bfc062723c751e8b465ee728b)  -> (artifact id: '27fdab268d534272a10b90aef485fe3a') in 0.068067 seconds
Number of updated asset objects reloaded before import = 0
Number of asset objects unloaded after import = 8
========================================================================
Received Import Request.
  Time since last request: 0.000032 seconds.
  path: Assets/com.gleechi.unity.virtualgrasp/Samples/Tests/Meshes/SM_off_pivot_cube.fbx
  artifactKey: Guid(aeb76476f22f37d40b543af5a64d355b) Importer(815301076,1909f56bfc062723c751e8b465ee728b)
Start importing Assets/com.gleechi.unity.virtualgrasp/Samples/Tests/Meshes/SM_off_pivot_cube.fbx using Guid(aeb76476f22f37d40b543af5a64d355b) Importer(815301076,1909f56bfc062723c751e8b465ee728b)  -> (artifact id: '128446a2482ab9a996fd4243b5a8ff41') in 0.028257 seconds
Number of updated asset objects reloaded before import = 0
Number of asset objects unloaded after import = 9
========================================================================
Received Import Request.
  Time since last request: 2.156798 seconds.
  path: Assets/com.gleechi.unity.virtualgrasp/Samples/Tests/Resources/Testing/bottle_assemble_vgarticulation.prefab
  artifactKey: Guid(80d35ea75c5166b4fa91d8ff4d97cda7) Importer(815301076,1909f56bfc062723c751e8b465ee728b)
Start importing Assets/com.gleechi.unity.virtualgrasp/Samples/Tests/Resources/Testing/bottle_assemble_vgarticulation.prefab using Guid(80d35ea75c5166b4fa91d8ff4d97cda7) Importer(815301076,1909f56bfc062723c751e8b465ee728b)  -> (artifact id: 'c2ba40d2c3855228926f23185f6a6e1a') in 0.100957 seconds
Number of updated asset objects reloaded before import = 0
Number of asset objects unloaded after import = 53
========================================================================
Received Import Request.
  Time since last request: 0.000022 seconds.
  path: Assets/com.gleechi.unity.virtualgrasp/Samples/Tests/Resources/Testing/Off_pivot_ab_prismatic.prefab
  artifactKey: Guid(906b0838cb89d7d4ca87903e60876f8f) Importer(815301076,1909f56bfc062723c751e8b465ee728b)
Start importing Assets/com.gleechi.unity.virtualgrasp/Samples/Tests/Resources/Testing/Off_pivot_ab_prismatic.prefab using Guid(906b0838cb89d7d4ca87903e60876f8f) Importer(815301076,1909f56bfc062723c751e8b465ee728b)  -> (artifact id: '5e5b446fd523fa2a4b2b4391321bf59e') in 0.013640 seconds
Number of updated asset objects reloaded before import = 0
Number of asset objects unloaded after import = 30
========================================================================
Received Import Request.
  Time since last request: 0.000046 seconds.
  path: Assets/com.gleechi.unity.virtualgrasp/Samples/Tests/Resources/Testing/ReplayBaseLine.prefab
  artifactKey: Guid(c5789d839011f4d42b4533ad4c4cc022) Importer(815301076,1909f56bfc062723c751e8b465ee728b)
Start importing Assets/com.gleechi.unity.virtualgrasp/Samples/Tests/Resources/Testing/ReplayBaseLine.prefab using Guid(c5789d839011f4d42b4533ad4c4cc022) Importer(815301076,1909f56bfc062723c751e8b465ee728b)  -> (artifact id: '144557f9c7cfa5a6bdb0eb7d9c6dc668') in 0.037944 seconds
Number of updated asset objects reloaded before import = 0
Number of asset objects unloaded after import = 233
========================================================================
Received Import Request.
  Time since last request: 0.000024 seconds.
  path: Assets/com.gleechi.unity.virtualgrasp/Samples/Tests/Resources/Testing/ParentChildSetup.prefab
  artifactKey: Guid(538404eb066152340982f4b379bf1409) Importer(815301076,1909f56bfc062723c751e8b465ee728b)
Start importing Assets/com.gleechi.unity.virtualgrasp/Samples/Tests/Resources/Testing/ParentChildSetup.prefab using Guid(538404eb066152340982f4b379bf1409) Importer(815301076,1909f56bfc062723c751e8b465ee728b)  -> (artifact id: 'b9ba7d88dbfbf1f8ef41512eea59fa8d') in 0.013238 seconds
Number of updated asset objects reloaded before import = 0
Number of asset objects unloaded after import = 17
========================================================================
Received Import Request.
  Time since last request: 0.000024 seconds.
  path: Assets/com.gleechi.unity.virtualgrasp/Samples/Tests/Resources/Testing/Off_pivot_vg_multichain_3level.prefab
  artifactKey: Guid(9b23e3c35a8fb254f96d5bf3f4bc219b) Importer(815301076,1909f56bfc062723c751e8b465ee728b)
Start importing Assets/com.gleechi.unity.virtualgrasp/Samples/Tests/Resources/Testing/Off_pivot_vg_multichain_3level.prefab using Guid(9b23e3c35a8fb254f96d5bf3f4bc219b) Importer(815301076,1909f56bfc062723c751e8b465ee728b)  -> (artifact id: 'b2d2b38c6b132133d7b231b3cb1b67b5') in 0.013866 seconds
Number of updated asset objects reloaded before import = 0
Number of asset objects unloaded after import = 48
========================================================================
Received Import Request.
  Time since last request: 0.000028 seconds.
  path: Assets/com.gleechi.unity.virtualgrasp/Samples/Tests/Resources/Testing/Off_pivot_vg_floating_revolute.prefab
  artifactKey: Guid(a06a45a586bbf0749940dfaada69b8ac) Importer(815301076,1909f56bfc062723c751e8b465ee728b)
Start importing Assets/com.gleechi.unity.virtualgrasp/Samples/Tests/Resources/Testing/Off_pivot_vg_floating_revolute.prefab using Guid(a06a45a586bbf0749940dfaada69b8ac) Importer(815301076,1909f56bfc062723c751e8b465ee728b)  -> (artifact id: 'bf74bd1715d4dd93f2e0fc2ef541adc4') in 0.013642 seconds
Number of updated asset objects reloaded before import = 0
Number of asset objects unloaded after import = 29
========================================================================
Received Import Request.
  Time since last request: 0.000021 seconds.
  path: Assets/com.gleechi.unity.virtualgrasp/Samples/Tests/Resources/Testing/Off_pivot_vg_prismatic_free.prefab
  artifactKey: Guid(1cde5b98bd0f032449491cfd66999e5d) Importer(815301076,1909f56bfc062723c751e8b465ee728b)
Start importing Assets/com.gleechi.unity.virtualgrasp/Samples/Tests/Resources/Testing/Off_pivot_vg_prismatic_free.prefab using Guid(1cde5b98bd0f032449491cfd66999e5d) Importer(815301076,1909f56bfc062723c751e8b465ee728b)  -> (artifact id: '3053abe7e58a322b08ed8f58b5fd7bf7') in 0.013482 seconds
Number of updated asset objects reloaded before import = 0
Number of asset objects unloaded after import = 31
========================================================================
Received Import Request.
  Time since last request: 0.000024 seconds.
  path: Assets/com.gleechi.unity.virtualgrasp/Samples/Tests/Resources/Testing/SingleObjectSetupLegacy.prefab
  artifactKey: Guid(586beb142a668414d86835f3af2c78b7) Importer(815301076,1909f56bfc062723c751e8b465ee728b)
Start importing Assets/com.gleechi.unity.virtualgrasp/Samples/Tests/Resources/Testing/SingleObjectSetupLegacy.prefab using Guid(586beb142a668414d86835f3af2c78b7) Importer(815301076,1909f56bfc062723c751e8b465ee728b)  -> (artifact id: 'e58a41738869ed9726105dbd32cefcfe') in 0.013601 seconds
Number of updated asset objects reloaded before import = 0
Number of asset objects unloaded after import = 11
========================================================================
Received Import Request.
  Time since last request: 0.000022 seconds.
  path: Assets/com.gleechi.unity.virtualgrasp/Samples/Tests/Resources/Testing/StickyHandGraspPhysicalObject.prefab
  artifactKey: Guid(22ac7ee26dee22b4484b7c01b5f6b0c2) Importer(815301076,1909f56bfc062723c751e8b465ee728b)
Start importing Assets/com.gleechi.unity.virtualgrasp/Samples/Tests/Resources/Testing/StickyHandGraspPhysicalObject.prefab using Guid(22ac7ee26dee22b4484b7c01b5f6b0c2) Importer(815301076,1909f56bfc062723c751e8b465ee728b)  -> (artifact id: 'ba4517dddc26082449feef517d7d7744') in 0.013986 seconds
Number of updated asset objects reloaded before import = 0
Number of asset objects unloaded after import = 18
========================================================================
Received Import Request.
  Time since last request: 0.000022 seconds.
  path: Assets/com.gleechi.unity.virtualgrasp/Samples/Tests/Resources/Testing/SetPlanarJointState.prefab
  artifactKey: Guid(9658f60c794677d42b51603a6ab21dd9) Importer(815301076,1909f56bfc062723c751e8b465ee728b)
Start importing Assets/com.gleechi.unity.virtualgrasp/Samples/Tests/Resources/Testing/SetPlanarJointState.prefab using Guid(9658f60c794677d42b51603a6ab21dd9) Importer(815301076,1909f56bfc062723c751e8b465ee728b)  -> (artifact id: '8132988ba2a50a97f5df535bd648e6e5') in 0.019991 seconds
Number of updated asset objects reloaded before import = 0
Number of asset objects unloaded after import = 35
========================================================================
Received Import Request.
  Time since last request: 0.000023 seconds.
  path: Assets/com.gleechi.unity.virtualgrasp/Samples/Tests/Resources/Testing/RuntimeInputTestSwitchGraspObject.prefab
  artifactKey: Guid(3e58ef92290d98c4d9b06a7c92a084a8) Importer(815301076,1909f56bfc062723c751e8b465ee728b)
Start importing Assets/com.gleechi.unity.virtualgrasp/Samples/Tests/Resources/Testing/RuntimeInputTestSwitchGraspObject.prefab using Guid(3e58ef92290d98c4d9b06a7c92a084a8) Importer(815301076,1909f56bfc062723c751e8b465ee728b)  -> (artifact id: '5d63a7e9a127089947202203012c50d2') in 0.102686 seconds
Number of updated asset objects reloaded before import = 0
Number of asset objects unloaded after import = 72
========================================================================
Received Import Request.
  Time since last request: 0.000031 seconds.
  path: Assets/com.gleechi.unity.virtualgrasp/Samples/Tests/Resources/Testing/RuntimeInputSphere.prefab
  artifactKey: Guid(d3a07c783c8b0974f89c4593a249e1db) Importer(815301076,1909f56bfc062723c751e8b465ee728b)
Start importing Assets/com.gleechi.unity.virtualgrasp/Samples/Tests/Resources/Testing/RuntimeInputSphere.prefab using Guid(d3a07c783c8b0974f89c4593a249e1db) Importer(815301076,1909f56bfc062723c751e8b465ee728b)  -> (artifact id: '5b3f1fa773f539c90d05a09cceed27e0') in 0.012135 seconds
Number of updated asset objects reloaded before import = 0
Number of asset objects unloaded after import = 11
========================================================================
Received Import Request.
  Time since last request: 0.000018 seconds.
  path: Assets/com.gleechi.unity.virtualgrasp/Samples/Tests/Resources/Testing/Off_pivot_ab_revolute.prefab
  artifactKey: Guid(c1cdde5013c66674cb57bb1771e21f0f) Importer(815301076,1909f56bfc062723c751e8b465ee728b)
Start importing Assets/com.gleechi.unity.virtualgrasp/Samples/Tests/Resources/Testing/Off_pivot_ab_revolute.prefab using Guid(c1cdde5013c66674cb57bb1771e21f0f) Importer(815301076,1909f56bfc062723c751e8b465ee728b)  -> (artifact id: '3cdad3cac5a2560878c7a1e60276f01c') in 0.014678 seconds
Number of updated asset objects reloaded before import = 0
Number of asset objects unloaded after import = 25
========================================================================
Received Import Request.
  Time since last request: 0.000019 seconds.
  path: Assets/com.gleechi.unity.virtualgrasp/Samples/Tests/Resources/Testing/ChangeObjectJointPlanar.prefab
  artifactKey: Guid(9f7c74c175936b34081b1a7b28552c2d) Importer(815301076,1909f56bfc062723c751e8b465ee728b)
Start importing Assets/com.gleechi.unity.virtualgrasp/Samples/Tests/Resources/Testing/ChangeObjectJointPlanar.prefab using Guid(9f7c74c175936b34081b1a7b28552c2d) Importer(815301076,1909f56bfc062723c751e8b465ee728b)  -> (artifact id: 'f82f05e27c059f47c5a3e8c6630cd616') in 0.018955 seconds
Number of updated asset objects reloaded before import = 0
Number of asset objects unloaded after import = 36
========================================================================
Received Import Request.
  Time since last request: 0.000023 seconds.
  path: Assets/com.gleechi.unity.virtualgrasp/Samples/Tests/Resources/Testing/Off_pivot_vg_floating_empty_revolute.prefab
  artifactKey: Guid(6e63d7937b074e143a5cafe3781c418a) Importer(815301076,1909f56bfc062723c751e8b465ee728b)
Start importing Assets/com.gleechi.unity.virtualgrasp/Samples/Tests/Resources/Testing/Off_pivot_vg_floating_empty_revolute.prefab using Guid(6e63d7937b074e143a5cafe3781c418a) Importer(815301076,1909f56bfc062723c751e8b465ee728b)  -> (artifact id: 'af2dcf443bb07a0463825befaea0dcd3') in 0.016490 seconds
Number of updated asset objects reloaded before import = 0
Number of asset objects unloaded after import = 43
========================================================================
Received Import Request.
  Time since last request: 0.000020 seconds.
  path: Assets/com.gleechi.unity.virtualgrasp/Samples/Tests/Resources/Testing/RuntimeInputButtonTestSetObjectJointState.prefab
  artifactKey: Guid(f5690bf899db7394eb329f99bdb9b812) Importer(815301076,1909f56bfc062723c751e8b465ee728b)
Start importing Assets/com.gleechi.unity.virtualgrasp/Samples/Tests/Resources/Testing/RuntimeInputButtonTestSetObjectJointState.prefab using Guid(f5690bf899db7394eb329f99bdb9b812) Importer(815301076,1909f56bfc062723c751e8b465ee728b)  -> (artifact id: 'aaa278cef2da9cd5f36c1f1a176b9cae') in 0.001130 seconds
Number of updated asset objects reloaded before import = 0
Number of asset objects unloaded after import = 1
========================================================================
Received Import Request.
  Time since last request: 0.000019 seconds.
  path: Assets/com.gleechi.unity.virtualgrasp/Samples/Tests/Resources/Testing/Off_pivot_ab_vg_revolute_multichain_3level.prefab
  artifactKey: Guid(2b431a1a12c969c4e83485c285fb62b8) Importer(815301076,1909f56bfc062723c751e8b465ee728b)
Start importing Assets/com.gleechi.unity.virtualgrasp/Samples/Tests/Resources/Testing/Off_pivot_ab_vg_revolute_multichain_3level.prefab using Guid(2b431a1a12c969c4e83485c285fb62b8) Importer(815301076,1909f56bfc062723c751e8b465ee728b)  -> (artifact id: '3d558fa5a4df1e991e97f9519d487536') in 0.015002 seconds
Number of updated asset objects reloaded before import = 0
Number of asset objects unloaded after import = 62
========================================================================
Received Import Request.
  Time since last request: 0.000021 seconds.
  path: Assets/com.gleechi.unity.virtualgrasp/Samples/Tests/Resources/Testing/SingleObjectSetup.prefab
  artifactKey: Guid(26b10c91466aa744daaa15b3849c0c54) Importer(815301076,1909f56bfc062723c751e8b465ee728b)
Start importing Assets/com.gleechi.unity.virtualgrasp/Samples/Tests/Resources/Testing/SingleObjectSetup.prefab using Guid(26b10c91466aa744daaa15b3849c0c54) Importer(815301076,1909f56bfc062723c751e8b465ee728b)  -> (artifact id: 'be6827ea4c6cd9f263f9d6f62cb95972') in 0.015212 seconds
Number of updated asset objects reloaded before import = 0
Number of asset objects unloaded after import = 11
========================================================================
Received Import Request.
  Time since last request: 2.658342 seconds.
  path: Assets/com.gleechi.unity.virtualgrasp/Samples/Tutorials/TutorialDependencies.asmdef
  artifactKey: Guid(7bcfaabbf9d613545a23a47f8886d724) Importer(815301076,1909f56bfc062723c751e8b465ee728b)
Start importing Assets/com.gleechi.unity.virtualgrasp/Samples/Tutorials/TutorialDependencies.asmdef using Guid(7bcfaabbf9d613545a23a47f8886d724) Importer(815301076,1909f56bfc062723c751e8b465ee728b)  -> (artifact id: '9120635d3506564dd01d11af0e273641') in 0.000523 seconds
Number of updated asset objects reloaded before import = 0
Number of asset objects unloaded after import = 0
========================================================================
Received Import Request.
  Time since last request: 0.000035 seconds.
  path: Assets/com.gleechi.unity.virtualgrasp/Samples/Tutorials/Welcome.asset
  artifactKey: Guid(150cbf3e95c382e49a04056ef8aa6e0f) Importer(815301076,1909f56bfc062723c751e8b465ee728b)
Start importing Assets/com.gleechi.unity.virtualgrasp/Samples/Tutorials/Welcome.asset using Guid(150cbf3e95c382e49a04056ef8aa6e0f) Importer(815301076,1909f56bfc062723c751e8b465ee728b)  -> (artifact id: '88433150074d84400b575d3fd47f58df') in 0.001332 seconds
Number of updated asset objects reloaded before import = 0
Number of asset objects unloaded after import = 1
========================================================================
Received Import Request.
  Time since last request: 766.681057 seconds.
  path: Assets/Skybox/Materials/Skybox_Sunset.mat
  artifactKey: Guid(4067de1a02072244798361060c5e7325) Importer(815301076,1909f56bfc062723c751e8b465ee728b)
Start importing Assets/Skybox/Materials/Skybox_Sunset.mat using Guid(4067de1a02072244798361060c5e7325) Importer(815301076,1909f56bfc062723c751e8b465ee728b)  -> (artifact id: '1c45b6dd8cebaa06b4a5f412b076a68b') in 0.331744 seconds
Number of updated asset objects reloaded before import = 0
Number of asset objects unloaded after import = 3
========================================================================
Received Prepare
Begin MonoManager ReloadAssembly
- Loaded All Assemblies, in  1.157 seconds
Refreshing native plugins compatible for Editor in 21.41 ms, found 13 plugins.
Native extension for UWP target not found
Native extension for WindowsStandalone target not found
Native extension for iOS target not found
Native extension for Android target not found
Native extension for WebGL target not found
[Package Manager] Server::EnsureServerProcessIsRunning -- launch failed, reason: Unity was launched with the -noUpm command-line argument
[Package Manager] UpmClient::Send -- Unable to send message (not connected to UPM process).
[Package Manager] Cannot connect to Unity Package Manager local server
[Package Manager] Server::EnsureServerProcessIsRunning -- launch failed, reason: Unity was launched with the -noUpm command-line argument
[Package Manager] UpmClient::Send -- Unable to send message (not connected to UPM process).
[Package Manager] Cannot connect to Unity Package Manager local server
System.Reflection.TargetInvocationException: Exception has been thrown by the target of an invocation. ---> System.NullReferenceException: Object reference not set to an instance of an object
  at Unity.XR.Oculus.OculusLoader.AssetPathToAbsolutePath (System.String assetPath) [0x0003d] in .\Library\PackageCache\com.unity.xr.oculus@4.1.2\Runtime\OculusLoader.cs:287 
  at Unity.XR.Oculus.OculusLoader.EditorLoadOVRPlugin () [0x00084] in .\Library\PackageCache\com.unity.xr.oculus@4.1.2\Runtime\OculusLoader.cs:272 
  at (wrapper managed-to-native) System.Reflection.RuntimeMethodInfo.InternalInvoke(System.Reflection.RuntimeMethodInfo,object,object[],System.Exception&)
  at System.Reflection.RuntimeMethodInfo.Invoke (System.Object obj, System.Reflection.BindingFlags invokeAttr, System.Reflection.Binder binder, System.Object[] parameters, System.Globalization.CultureInfo culture) [0x0006a] in <dc753a1061284f8e971ee88ee4826eee>:0 
   --- End of inner exception stack trace ---
  at System.Reflection.RuntimeMethodInfo.Invoke (System.Object obj, System.Reflection.BindingFlags invokeAttr, System.Reflection.Binder binder, System.Object[] parameters, System.Globalization.CultureInfo culture) [0x00083] in <dc753a1061284f8e971ee88ee4826eee>:0 
  at System.Reflection.MethodBase.Invoke (System.Object obj, System.Object[] parameters) [0x00000] in <dc753a1061284f8e971ee88ee4826eee>:0 
  at UnityEditor.EditorAssemblies.ProcessInitializeOnLoadMethodAttributes () [0x000a5] in <5d5ebefe97114215928ac1d9cd096522>:0 
UnityEngine.StackTraceUtility:ExtractStackTrace ()
UnityEngine.DebugLogHandler:LogFormat (UnityEngine.LogType,UnityEngine.Object,string,object[])
UnityEngine.Logger:Log (UnityEngine.LogType,object)
UnityEngine.Debug:LogError (object)
UnityEditor.EditorAssemblies:ProcessInitializeOnLoadMethodAttributes ()

Mono: successfully reloaded assembly
[Package Manager] Server::EnsureServerProcessIsRunning -- launch failed, reason: Unity was launched with the -noUpm command-line argument
[Package Manager] UpmClient::Send -- Unable to send message (not connected to UPM process).
[Package Manager] Cannot connect to Unity Package Manager local server
- Finished resetting the current domain, in  7.187 seconds
Domain Reload Profiling: 8339ms
	BeginReloadAssembly (380ms)
		ExecutionOrderSort (0ms)
		DisableScriptedObjects (56ms)
		BackupInstance (0ms)
		ReleaseScriptingObjects (0ms)
		CreateAndSetChildDomain (144ms)
	RebuildCommonClasses (43ms)
	RebuildNativeTypeToScriptingClass (12ms)
	initialDomainReloadingComplete (44ms)
	LoadAllAssembliesAndSetupDomain (673ms)
		LoadAssemblies (685ms)
		RebuildTransferFunctionScriptingTraits (0ms)
		AnalyzeDomain (94ms)
			TypeCache.Refresh (25ms)
				TypeCache.ScanAssembly (3ms)
			ScanForSourceGeneratedMonoScriptInfo (50ms)
			ResolveRequiredComponents (17ms)
	FinalizeReload (7187ms)
		ReleaseScriptCaches (0ms)
		RebuildScriptCaches (0ms)
		SetupLoadedEditorAssemblies (719ms)
			LogAssemblyErrors (0ms)
			InitializePlatformSupportModulesInManaged (59ms)
			SetLoadedEditorAssemblies (8ms)
			RefreshPlugins (0ms)
			BeforeProcessingInitializeOnLoad (114ms)
			ProcessInitializeOnLoadAttributes (402ms)
			ProcessInitializeOnLoadMethodAttributes (123ms)
			AfterProcessingInitializeOnLoad (13ms)
			EditorAssembliesLoaded (0ms)
		ExecutionOrderSort2 (0ms)
		AwakeInstancesAfterBackupRestoration (13ms)
Refreshing native plugins compatible for Editor in 20.02 ms, found 13 plugins.
Preloading 1 native plugins for Editor in 0.12 ms.
Unloading 6197 Unused Serialized files (Serialized files now loaded: 0)
Unloading 106 unused Assets / (2.7 MB). Loaded Objects now: 6934.
Memory consumption went from 223.1 MB to 220.4 MB.
Total: 6.529900 ms (FindLiveObjects: 0.560000 ms CreateObjectMapping: 0.456200 ms MarkObjects: 4.445500 ms  DeleteObjects: 1.066700 ms)

Prepare: number of updated asset objects reloaded= 0
AssetImportParameters requested are different than current active one (requested -> active):
  custom:container-demuxer-ogg: 62fdf1f143b41e24485cea50d1cbac27 -> 
  custom:video-decoder-ogg-theora: a1e56fd34408186e4bbccfd4996cb3dc -> 
  custom:framework-win-MediaFoundation: 216162199b28c13a410421893ffa2e32 -> 
  custom:CustomObjectIndexerAttribute: 62b5816608c3102f162a1797e29626cf -> 
  custom:container-demuxer-webm: 4f35f7cbe854078d1ac9338744f61a02 -> 
  custom:container-muxer-webm: aa71ff27fc2769a1b78a27578f13a17b -> 
  custom:video-decoder-webm-vp8: 9c59270c3fd7afecdb556c50c9e8de78 -> 
  custom:SearchIndexIgnoredProperties: e643bd26f0fe6173181afceb89e7c659 -> 
  custom:AudioImporter_EditorPlatform: d09bf68614088b80899f8185d706f6e7 -> 
  custom:video-encoder-webm-vp8: eb34c28f22e8b96e1ab97ce403110664 -> 
  custom:audio-decoder-ogg-vorbis: bf7c407c2cedff20999df2af8eb42d56 -> 
  custom:audio-encoder-webm-vorbis: bf7c407c2cedff20999df2af8eb42d56 -> 
========================================================================
Received Import Request.
  Time since last request: 4301.363511 seconds.
  path: Assets/DreamForestTree/Materials/bark 2.mat
  artifactKey: Guid(cf69de7e1b41130409b70635b3e8092b) Importer(815301076,1909f56bfc062723c751e8b465ee728b)
Start importing Assets/DreamForestTree/Materials/bark 2.mat using Guid(cf69de7e1b41130409b70635b3e8092b) Importer(815301076,1909f56bfc062723c751e8b465ee728b)  -> (artifact id: 'f16e2f0d7bc603951618611d8bd1ad4f') in 0.554420 seconds
Number of updated asset objects reloaded before import = 0
Number of asset objects unloaded after import = 22
========================================================================
Received Import Request.
  Time since last request: 0.000024 seconds.
  path: Assets/DreamForestTree/Materials/ClearSky.mat
  artifactKey: Guid(6413a54c29d866642ac7511f59760dd5) Importer(815301076,1909f56bfc062723c751e8b465ee728b)
Start importing Assets/DreamForestTree/Materials/ClearSky.mat using Guid(6413a54c29d866642ac7511f59760dd5) Importer(815301076,1909f56bfc062723c751e8b465ee728b)  -> (artifact id: '394e1edfe097078711acd4ea6d746fcf') in 0.279953 seconds
Number of updated asset objects reloaded before import = 0
Number of asset objects unloaded after import = 3
========================================================================
Received Import Request.
  Time since last request: 0.000044 seconds.
  path: Assets/DreamForestTree/Materials/terrain.mat
  artifactKey: Guid(e3694e4eb82c06d4b8309907deac269a) Importer(815301076,1909f56bfc062723c751e8b465ee728b)
Start importing Assets/DreamForestTree/Materials/terrain.mat using Guid(e3694e4eb82c06d4b8309907deac269a) Importer(815301076,1909f56bfc062723c751e8b465ee728b)  -> (artifact id: '57d703a5c57bd31b84851e680a9fb555') in 0.105501 seconds
Number of updated asset objects reloaded before import = 0
Number of asset objects unloaded after import = 2
========================================================================
Received Import Request.
  Time since last request: 0.000022 seconds.
  path: Assets/DreamForestTree/Materials/bush 1.mat
  artifactKey: Guid(fc65f1438bd63264788c8a5bbb97ddce) Importer(815301076,1909f56bfc062723c751e8b465ee728b)
Start importing Assets/DreamForestTree/Materials/bush 1.mat using Guid(fc65f1438bd63264788c8a5bbb97ddce) Importer(815301076,1909f56bfc062723c751e8b465ee728b)  -> (artifact id: 'c8405da4c6b803fe19454ca4aca2da3a') in 0.224166 seconds
Number of updated asset objects reloaded before import = 0
Number of asset objects unloaded after import = 6
========================================================================
Received Import Request.
  Time since last request: 0.000048 seconds.
  path: Assets/DreamForestTree/Materials/bush 2.mat
  artifactKey: Guid(032ad1b94e27e1041a630e9862184942) Importer(815301076,1909f56bfc062723c751e8b465ee728b)
Start importing Assets/DreamForestTree/Materials/bush 2.mat using Guid(032ad1b94e27e1041a630e9862184942) Importer(815301076,1909f56bfc062723c751e8b465ee728b)  -> (artifact id: '448e0155a79d4d693d58a9e5089f1398') in 0.079274 seconds
Number of updated asset objects reloaded before import = 0
Number of asset objects unloaded after import = 6
========================================================================
Received Import Request.
  Time since last request: 0.000038 seconds.
  path: Assets/DreamForestTree/Materials/No Name.mat
  artifactKey: Guid(c70ace258a62a9f4d8cedc70d51484a0) Importer(815301076,1909f56bfc062723c751e8b465ee728b)
Start importing Assets/DreamForestTree/Materials/No Name.mat using Guid(c70ace258a62a9f4d8cedc70d51484a0) Importer(815301076,1909f56bfc062723c751e8b465ee728b)  -> (artifact id: '3194cbd18e320de6201e3c8d1f0c0fdb') in 0.019627 seconds
Number of updated asset objects reloaded before import = 0
Number of asset objects unloaded after import = 2
========================================================================
Received Import Request.
  Time since last request: 24.834099 seconds.
  path: Assets/Low Poly Cyber Ninja Sword/Model/Materials/MAT_Sword_Cyber_Greenway.mat
  artifactKey: Guid(3afa25116c407eb469a7b582f27a41f0) Importer(815301076,1909f56bfc062723c751e8b465ee728b)
Start importing Assets/Low Poly Cyber Ninja Sword/Model/Materials/MAT_Sword_Cyber_Greenway.mat using Guid(3afa25116c407eb469a7b582f27a41f0) Importer(815301076,1909f56bfc062723c751e8b465ee728b)  -> (artifact id: 'ebd13f4642fe5352c49f001d547692f3') in 0.334220 seconds
Number of updated asset objects reloaded before import = 0
Number of asset objects unloaded after import = 7
========================================================================
Received Import Request.
  Time since last request: 0.000028 seconds.
  path: Assets/Low Poly Cyber Ninja Sword/Model/Materials/MAT_Sword_Cyber_Ninja.mat
  artifactKey: Guid(b1bac821fae591c44a498b84658d7eaa) Importer(815301076,1909f56bfc062723c751e8b465ee728b)
Start importing Assets/Low Poly Cyber Ninja Sword/Model/Materials/MAT_Sword_Cyber_Ninja.mat using Guid(b1bac821fae591c44a498b84658d7eaa) Importer(815301076,1909f56bfc062723c751e8b465ee728b)  -> (artifact id: '2ac6edb928756dc3c4913fb3a5f55b1f') in 0.010941 seconds
Number of updated asset objects reloaded before import = 0
Number of asset objects unloaded after import = 2
========================================================================
Received Import Request.
  Time since last request: 0.000044 seconds.
  path: Assets/Low Poly Cyber Ninja Sword/Model/Materials/MAT_Sword_Cyber_Nightstrike.mat
  artifactKey: Guid(c57aa671b01f925448878a13a45cee27) Importer(815301076,1909f56bfc062723c751e8b465ee728b)
Start importing Assets/Low Poly Cyber Ninja Sword/Model/Materials/MAT_Sword_Cyber_Nightstrike.mat using Guid(c57aa671b01f925448878a13a45cee27) Importer(815301076,1909f56bfc062723c751e8b465ee728b)  -> (artifact id: 'de7c6172949f8ffecf9ffbd548010359') in 0.202488 seconds
Number of updated asset objects reloaded before import = 0
Number of asset objects unloaded after import = 6
========================================================================
Received Import Request.
  Time since last request: 5.113983 seconds.
  path: Assets/Low Poly Cyber Ninja Sword/Prefabs/Prefab_Sword_Cyber_Greenway.prefab
  artifactKey: Guid(862ea6754452d6649988db8d686def60) Importer(815301076,1909f56bfc062723c751e8b465ee728b)
Start importing Assets/Low Poly Cyber Ninja Sword/Prefabs/Prefab_Sword_Cyber_Greenway.prefab using Guid(862ea6754452d6649988db8d686def60) Importer(815301076,1909f56bfc062723c751e8b465ee728b)  -> (artifact id: 'cc12fc46e3f1387edb371935a45dedea') in 0.315085 seconds
Number of updated asset objects reloaded before import = 0
Number of asset objects unloaded after import = 14
========================================================================
Received Import Request.
  Time since last request: 0.000036 seconds.
  path: Assets/Low Poly Cyber Ninja Sword/Prefabs/Prefab_Sword_Cyber_Nightstrike.prefab
  artifactKey: Guid(0a3f086a470be0d41b7e88530979e32a) Importer(815301076,1909f56bfc062723c751e8b465ee728b)
Start importing Assets/Low Poly Cyber Ninja Sword/Prefabs/Prefab_Sword_Cyber_Nightstrike.prefab using Guid(0a3f086a470be0d41b7e88530979e32a) Importer(815301076,1909f56bfc062723c751e8b465ee728b)  -> (artifact id: 'ebb63b85a407391b6a93477bfa8f629a') in 0.223420 seconds
Number of updated asset objects reloaded before import = 0
Number of asset objects unloaded after import = 13
========================================================================
Received Import Request.
  Time since last request: 5.481511 seconds.
  path: Assets/Low Poly Cyber Ninja Sword/Textures/Sword_Cyber_Broken_Normal.png
  artifactKey: Guid(b28a38c4edc495e4d94c6b3cbc53ede6) Importer(815301076,1909f56bfc062723c751e8b465ee728b)
Start importing Assets/Low Poly Cyber Ninja Sword/Textures/Sword_Cyber_Broken_Normal.png using Guid(b28a38c4edc495e4d94c6b3cbc53ede6) Importer(815301076,1909f56bfc062723c751e8b465ee728b)  -> (artifact id: 'dc646a3f9627ac58b9429cef19492d1b') in 0.130116 seconds
Number of updated asset objects reloaded before import = 0
Number of asset objects unloaded after import = 2
========================================================================
Received Import Request.
  Time since last request: 0.000032 seconds.
  path: Assets/Low Poly Cyber Ninja Sword/Textures/Sword_Cyber_Defeated_AlbedoTransparency.png
  artifactKey: Guid(975152b7581e3bd47913643950d9c29d) Importer(815301076,1909f56bfc062723c751e8b465ee728b)
Start importing Assets/Low Poly Cyber Ninja Sword/Textures/Sword_Cyber_Defeated_AlbedoTransparency.png using Guid(975152b7581e3bd47913643950d9c29d) Importer(815301076,1909f56bfc062723c751e8b465ee728b)  -> (artifact id: '3eb3be3b8aacb4bd5b545448953a1215') in 0.067958 seconds
Number of updated asset objects reloaded before import = 0
Number of asset objects unloaded after import = 2
========================================================================
Received Import Request.
  Time since last request: 0.000032 seconds.
  path: Assets/Low Poly Cyber Ninja Sword/Textures/Sword_Cyber_Thunder_AlbedoTransparency.png
  artifactKey: Guid(d47b6b18f29c0f34ea241c94cfdc2f5e) Importer(815301076,1909f56bfc062723c751e8b465ee728b)
Start importing Assets/Low Poly Cyber Ninja Sword/Textures/Sword_Cyber_Thunder_AlbedoTransparency.png using Guid(d47b6b18f29c0f34ea241c94cfdc2f5e) Importer(815301076,1909f56bfc062723c751e8b465ee728b)  -> (artifact id: '338769e085e45c49dcba18b065cb4533') in 0.057733 seconds
Number of updated asset objects reloaded before import = 0
Number of asset objects unloaded after import = 2
========================================================================
Received Import Request.
  Time since last request: 0.000023 seconds.
  path: Assets/Low Poly Cyber Ninja Sword/Textures/Sword_Cyber_Magma_AlbedoTransparency.png
  artifactKey: Guid(ebe6564169e2ba346945969f57d85919) Importer(815301076,1909f56bfc062723c751e8b465ee728b)
Start importing Assets/Low Poly Cyber Ninja Sword/Textures/Sword_Cyber_Magma_AlbedoTransparency.png using Guid(ebe6564169e2ba346945969f57d85919) Importer(815301076,1909f56bfc062723c751e8b465ee728b)  -> (artifact id: '9943ab114cd590cf904e55dee80c275b') in 0.056806 seconds
Number of updated asset objects reloaded before import = 0
Number of asset objects unloaded after import = 2
========================================================================
Received Import Request.
  Time since last request: 0.000025 seconds.
  path: Assets/Low Poly Cyber Ninja Sword/Textures/Sword_Cyber_Plasma_AlbedoTransparency.png
  artifactKey: Guid(81d366ee37f2ff94db282f5f093cba4b) Importer(815301076,1909f56bfc062723c751e8b465ee728b)
Start importing Assets/Low Poly Cyber Ninja Sword/Textures/Sword_Cyber_Plasma_AlbedoTransparency.png using Guid(81d366ee37f2ff94db282f5f093cba4b) Importer(815301076,1909f56bfc062723c751e8b465ee728b)  -> (artifact id: 'fca1889af925f2591344d59ef0df0074') in 0.058493 seconds
Number of updated asset objects reloaded before import = 0
Number of asset objects unloaded after import = 2
========================================================================
Received Import Request.
  Time since last request: 0.000021 seconds.
  path: Assets/Low Poly Cyber Ninja Sword/Textures/Sword_Cyber_Honesty_Roughness.png
  artifactKey: Guid(474e7c24877d4d349aeb42041c23022e) Importer(815301076,1909f56bfc062723c751e8b465ee728b)
Start importing Assets/Low Poly Cyber Ninja Sword/Textures/Sword_Cyber_Honesty_Roughness.png using Guid(474e7c24877d4d349aeb42041c23022e) Importer(815301076,1909f56bfc062723c751e8b465ee728b)  -> (artifact id: 'abf8a2f8e6e9d206911547e38858d9ff') in 0.059700 seconds
Number of updated asset objects reloaded before import = 0
Number of asset objects unloaded after import = 2
========================================================================
Received Import Request.
  Time since last request: 0.000037 seconds.
  path: Assets/Low Poly Cyber Ninja Sword/Textures/Sword_Cyber_Plasma_Normal.png
  artifactKey: Guid(3a01d268ac8048d4cbad997519e36027) Importer(815301076,1909f56bfc062723c751e8b465ee728b)
Start importing Assets/Low Poly Cyber Ninja Sword/Textures/Sword_Cyber_Plasma_Normal.png using Guid(3a01d268ac8048d4cbad997519e36027) Importer(815301076,1909f56bfc062723c751e8b465ee728b)  -> (artifact id: '9e2e8b5f8489d8d066faa1a4ee97c50d') in 0.073681 seconds
Number of updated asset objects reloaded before import = 0
Number of asset objects unloaded after import = 2
========================================================================
Received Import Request.
  Time since last request: 0.000035 seconds.
  path: Assets/Low Poly Cyber Ninja Sword/Textures/Sword_Cyber_Thunder_MetallicSmoothness.png
  artifactKey: Guid(4da7701a1b0584547aa1948866d994ad) Importer(815301076,1909f56bfc062723c751e8b465ee728b)
Start importing Assets/Low Poly Cyber Ninja Sword/Textures/Sword_Cyber_Thunder_MetallicSmoothness.png using Guid(4da7701a1b0584547aa1948866d994ad) Importer(815301076,1909f56bfc062723c751e8b465ee728b)  -> (artifact id: '114cfd8a669e14f9712525ae4d1552f7') in 0.070290 seconds
Number of updated asset objects reloaded before import = 0
Number of asset objects unloaded after import = 2
========================================================================
Received Import Request.
  Time since last request: 0.000017 seconds.
  path: Assets/Low Poly Cyber Ninja Sword/Textures/Sword_Cyber_Nightstrike_MetallicSmoothness.png
  artifactKey: Guid(b1b0c2753d657a84faaceefac4eaef2f) Importer(815301076,1909f56bfc062723c751e8b465ee728b)
Start importing Assets/Low Poly Cyber Ninja Sword/Textures/Sword_Cyber_Nightstrike_MetallicSmoothness.png using Guid(b1b0c2753d657a84faaceefac4eaef2f) Importer(815301076,1909f56bfc062723c751e8b465ee728b)  -> (artifact id: '5485c0720018b80ae9d3a2d42a3f58c8') in 0.077755 seconds
Number of updated asset objects reloaded before import = 0
Number of asset objects unloaded after import = 2
========================================================================
Received Import Request.
  Time since last request: 157.310990 seconds.
  path: Assets/Low Poly Cyber Ninja Sword/Textures/Sword_Cyber_Thunder_Roughness.png
  artifactKey: Guid(c8876b4682eb3f248a043dfbc6ed9d29) Importer(815301076,1909f56bfc062723c751e8b465ee728b)
Start importing Assets/Low Poly Cyber Ninja Sword/Textures/Sword_Cyber_Thunder_Roughness.png using Guid(c8876b4682eb3f248a043dfbc6ed9d29) Importer(815301076,1909f56bfc062723c751e8b465ee728b)  -> (artifact id: '46eb481043ae2e0b2d746cecc246f038') in 0.070533 seconds
Number of updated asset objects reloaded before import = 0
Number of asset objects unloaded after import = 2
========================================================================
Received Prepare
Begin MonoManager ReloadAssembly
- Loaded All Assemblies, in  0.652 seconds
Refreshing native plugins compatible for Editor in 20.93 ms, found 13 plugins.
Native extension for UWP target not found
Native extension for WindowsStandalone target not found
Native extension for iOS target not found
Native extension for Android target not found
Native extension for WebGL target not found
[Package Manager] Server::EnsureServerProcessIsRunning -- launch failed, reason: Unity was launched with the -noUpm command-line argument
[Package Manager] UpmClient::Send -- Unable to send message (not connected to UPM process).
[Package Manager] Cannot connect to Unity Package Manager local server
[Package Manager] Server::EnsureServerProcessIsRunning -- launch failed, reason: Unity was launched with the -noUpm command-line argument
[Package Manager] UpmClient::Send -- Unable to send message (not connected to UPM process).
[Package Manager] Cannot connect to Unity Package Manager local server
System.Reflection.TargetInvocationException: Exception has been thrown by the target of an invocation. ---> System.NullReferenceException: Object reference not set to an instance of an object
  at Unity.XR.Oculus.OculusLoader.AssetPathToAbsolutePath (System.String assetPath) [0x0003d] in .\Library\PackageCache\com.unity.xr.oculus@4.1.2\Runtime\OculusLoader.cs:287 
  at Unity.XR.Oculus.OculusLoader.EditorLoadOVRPlugin () [0x00084] in .\Library\PackageCache\com.unity.xr.oculus@4.1.2\Runtime\OculusLoader.cs:272 
  at (wrapper managed-to-native) System.Reflection.RuntimeMethodInfo.InternalInvoke(System.Reflection.RuntimeMethodInfo,object,object[],System.Exception&)
  at System.Reflection.RuntimeMethodInfo.Invoke (System.Object obj, System.Reflection.BindingFlags invokeAttr, System.Reflection.Binder binder, System.Object[] parameters, System.Globalization.CultureInfo culture) [0x0006a] in <dc753a1061284f8e971ee88ee4826eee>:0 
   --- End of inner exception stack trace ---
  at System.Reflection.RuntimeMethodInfo.Invoke (System.Object obj, System.Reflection.BindingFlags invokeAttr, System.Reflection.Binder binder, System.Object[] parameters, System.Globalization.CultureInfo culture) [0x00083] in <dc753a1061284f8e971ee88ee4826eee>:0 
  at System.Reflection.MethodBase.Invoke (System.Object obj, System.Object[] parameters) [0x00000] in <dc753a1061284f8e971ee88ee4826eee>:0 
  at UnityEditor.EditorAssemblies.ProcessInitializeOnLoadMethodAttributes () [0x000a5] in <5d5ebefe97114215928ac1d9cd096522>:0 
UnityEngine.StackTraceUtility:ExtractStackTrace ()
UnityEngine.DebugLogHandler:LogFormat (UnityEngine.LogType,UnityEngine.Object,string,object[])
UnityEngine.Logger:Log (UnityEngine.LogType,object)
UnityEngine.Debug:LogError (object)
UnityEditor.EditorAssemblies:ProcessInitializeOnLoadMethodAttributes ()

Mono: successfully reloaded assembly
[Package Manager] Server::EnsureServerProcessIsRunning -- launch failed, reason: Unity was launched with the -noUpm command-line argument
[Package Manager] UpmClient::Send -- Unable to send message (not connected to UPM process).
[Package Manager] Cannot connect to Unity Package Manager local server
- Finished resetting the current domain, in  1.757 seconds
Domain Reload Profiling: 2403ms
	BeginReloadAssembly (187ms)
		ExecutionOrderSort (0ms)
		DisableScriptedObjects (10ms)
		BackupInstance (0ms)
		ReleaseScriptingObjects (0ms)
		CreateAndSetChildDomain (48ms)
	RebuildCommonClasses (38ms)
	RebuildNativeTypeToScriptingClass (20ms)
	initialDomainReloadingComplete (35ms)
	LoadAllAssembliesAndSetupDomain (366ms)
		LoadAssemblies (394ms)
		RebuildTransferFunctionScriptingTraits (0ms)
		AnalyzeDomain (64ms)
			TypeCache.Refresh (13ms)
				TypeCache.ScanAssembly (2ms)
			ScanForSourceGeneratedMonoScriptInfo (36ms)
			ResolveRequiredComponents (14ms)
	FinalizeReload (1757ms)
		ReleaseScriptCaches (0ms)
		RebuildScriptCaches (0ms)
		SetupLoadedEditorAssemblies (649ms)
			LogAssemblyErrors (0ms)
			InitializePlatformSupportModulesInManaged (41ms)
			SetLoadedEditorAssemblies (3ms)
			RefreshPlugins (0ms)
			BeforeProcessingInitializeOnLoad (110ms)
			ProcessInitializeOnLoadAttributes (369ms)
			ProcessInitializeOnLoadMethodAttributes (118ms)
			AfterProcessingInitializeOnLoad (8ms)
			EditorAssembliesLoaded (0ms)
		ExecutionOrderSort2 (0ms)
		AwakeInstancesAfterBackupRestoration (13ms)
Refreshing native plugins compatible for Editor in 21.71 ms, found 13 plugins.
Preloading 1 native plugins for Editor in 0.08 ms.
Unloading 6093 Unused Serialized files (Serialized files now loaded: 0)
Unloading 127 unused Assets / (401.3 KB). Loaded Objects now: 6952.
Memory consumption went from 226.4 MB to 226.0 MB.
Total: 4.574400 ms (FindLiveObjects: 0.508200 ms CreateObjectMapping: 0.508300 ms MarkObjects: 3.344500 ms  DeleteObjects: 0.212500 ms)

Prepare: number of updated asset objects reloaded= 0
AssetImportParameters requested are different than current active one (requested -> active):
  custom:container-demuxer-ogg: 62fdf1f143b41e24485cea50d1cbac27 -> 
  custom:video-decoder-ogg-theora: a1e56fd34408186e4bbccfd4996cb3dc -> 
  custom:framework-win-MediaFoundation: 216162199b28c13a410421893ffa2e32 -> 
  custom:CustomObjectIndexerAttribute: 62b5816608c3102f162a1797e29626cf -> 
  custom:container-demuxer-webm: 4f35f7cbe854078d1ac9338744f61a02 -> 
  custom:container-muxer-webm: aa71ff27fc2769a1b78a27578f13a17b -> 
  custom:video-decoder-webm-vp8: 9c59270c3fd7afecdb556c50c9e8de78 -> 
  custom:SearchIndexIgnoredProperties: e643bd26f0fe6173181afceb89e7c659 -> 
  custom:AudioImporter_EditorPlatform: d09bf68614088b80899f8185d706f6e7 -> 
  custom:video-encoder-webm-vp8: eb34c28f22e8b96e1ab97ce403110664 -> 
  custom:audio-decoder-ogg-vorbis: bf7c407c2cedff20999df2af8eb42d56 -> 
  custom:audio-encoder-webm-vorbis: bf7c407c2cedff20999df2af8eb42d56 -> 
========================================================================
Received Import Request.
  Time since last request: 387.061263 seconds.
  path: Assets/PurePoly/Free_Swords/Materials/PP_Standard_Material.mat
  artifactKey: Guid(d6557e923d42c52428cd5a810511e352) Importer(815301076,1909f56bfc062723c751e8b465ee728b)
Start importing Assets/PurePoly/Free_Swords/Materials/PP_Standard_Material.mat using Guid(d6557e923d42c52428cd5a810511e352) Importer(815301076,1909f56bfc062723c751e8b465ee728b)  -> (artifact id: '7027779d783b45fd79890de88bb3797f') in 0.288264 seconds
Number of updated asset objects reloaded before import = 0
Number of asset objects unloaded after import = 21
========================================================================
Received Import Request.
  Time since last request: 0.999786 seconds.
  path: Assets/PurePoly/Free_Swords/Meshes/PP_Sword_0036.fbx
  artifactKey: Guid(dced9d7300f51184ca3f5aa1d9fa1fb7) Importer(815301076,1909f56bfc062723c751e8b465ee728b)
Start importing Assets/PurePoly/Free_Swords/Meshes/PP_Sword_0036.fbx using Guid(dced9d7300f51184ca3f5aa1d9fa1fb7) Importer(815301076,1909f56bfc062723c751e8b465ee728b)  -> (artifact id: '87a4e76ed09370209ba9a9eb12684b39') in 0.099549 seconds
Number of updated asset objects reloaded before import = 0
Number of asset objects unloaded after import = 8
========================================================================
Received Import Request.
  Time since last request: 0.000037 seconds.
  path: Assets/PurePoly/Free_Swords/Meshes/PP_Sword_0363.fbx
  artifactKey: Guid(d6c2f186f92c37e4b898255ecdb9d914) Importer(815301076,1909f56bfc062723c751e8b465ee728b)
Start importing Assets/PurePoly/Free_Swords/Meshes/PP_Sword_0363.fbx using Guid(d6c2f186f92c37e4b898255ecdb9d914) Importer(815301076,1909f56bfc062723c751e8b465ee728b)  -> (artifact id: '554e62648fc4c82b89d5b37f95c7f6f7') in 0.022952 seconds
Number of updated asset objects reloaded before import = 0
Number of asset objects unloaded after import = 8
========================================================================
Received Import Request.
  Time since last request: 0.000036 seconds.
  path: Assets/PurePoly/Free_Swords/Meshes/PP_Sword_0222.fbx
  artifactKey: Guid(dc983c0a6102b004989fb78fa3294dcd) Importer(815301076,1909f56bfc062723c751e8b465ee728b)
Start importing Assets/PurePoly/Free_Swords/Meshes/PP_Sword_0222.fbx using Guid(dc983c0a6102b004989fb78fa3294dcd) Importer(815301076,1909f56bfc062723c751e8b465ee728b)  -> (artifact id: 'c3ad1a2c0879fce47b68871ce20edd20') in 0.028113 seconds
Number of updated asset objects reloaded before import = 0
Number of asset objects unloaded after import = 8
========================================================================
Received Import Request.
  Time since last request: 14.796677 seconds.
  path: Assets/PurePoly/Free_Swords/Prefabs/PP_Sword_0036.prefab
  artifactKey: Guid(944690db56c8ecd4eb71cd85def4fa24) Importer(815301076,1909f56bfc062723c751e8b465ee728b)
Start importing Assets/PurePoly/Free_Swords/Prefabs/PP_Sword_0036.prefab using Guid(944690db56c8ecd4eb71cd85def4fa24) Importer(815301076,1909f56bfc062723c751e8b465ee728b)  -> (artifact id: 'b78f229507baa4c8c00d3494fb2ff585') in 0.018719 seconds
Number of updated asset objects reloaded before import = 0
Number of asset objects unloaded after import = 11
========================================================================
Received Import Request.
  Time since last request: 0.000022 seconds.
  path: Assets/PurePoly/Free_Swords/Prefabs/PP_Sword_0363.prefab
  artifactKey: Guid(9ed46828caf4aac49ba8f91d74a64dc8) Importer(815301076,1909f56bfc062723c751e8b465ee728b)
Start importing Assets/PurePoly/Free_Swords/Prefabs/PP_Sword_0363.prefab using Guid(9ed46828caf4aac49ba8f91d74a64dc8) Importer(815301076,1909f56bfc062723c751e8b465ee728b)  -> (artifact id: '552643830b843a628c71a86a0770e2eb') in 0.021287 seconds
Number of updated asset objects reloaded before import = 0
Number of asset objects unloaded after import = 11
Editor requested this worker to shutdown with reason: Scaling down because of idle timeout
TcpMessagingSession - receive error: operation aborted. errorcode: 995, details: The I/O operation has been aborted because of either a thread exit or an application request.
AssetImportWorker is now disconnected from the server
Process exiting
Exiting without the bug reporter. Application will terminate with return code 0