Using pre-set license
Built from '2022.3/release' branch; Version is '2022.3.20f1 (61c2feb0970d) revision 6406910'; Using compiler version '192829333'; Build Type 'Release'
OS: 'Windows 11  (10.0.22631) 64bit Core' Language: 'en' Physical Memory: 15754 MB
BatchMode: 1, IsHumanControllingUs: 0, StartBugReporterOnCrash: 0, Is64bit: 1, IsPro: 1

COMMAND LINE ARGUMENTS:
C:\Program Files\Unity\Hub\Editor\2022.3.20f1\Editor\Unity.exe
-adb2
-batchMode
-noUpm
-name
AssetImportWorker0
-projectPath
C:/Users/makem/Documents/GitHub/VRUnityTutorial
-logFile
Logs/AssetImportWorker0.log
-srvPort
64702
Successfully changed project path to: C:/Users/makem/Documents/GitHub/VRUnityTutorial
C:/Users/makem/Documents/GitHub/VRUnityTutorial
[UnityMemory] Configuration Parameters - Can be set up in boot.config
    "memorysetup-bucket-allocator-granularity=16"
    "memorysetup-bucket-allocator-bucket-count=8"
    "memorysetup-bucket-allocator-block-size=33554432"
    "memorysetup-bucket-allocator-block-count=8"
    "memorysetup-main-allocator-block-size=16777216"
    "memorysetup-thread-allocator-block-size=16777216"
    "memorysetup-gfx-main-allocator-block-size=16777216"
    "memorysetup-gfx-thread-allocator-block-size=16777216"
    "memorysetup-cache-allocator-block-size=4194304"
    "memorysetup-typetree-allocator-block-size=2097152"
    "memorysetup-profiler-bucket-allocator-granularity=16"
    "memorysetup-profiler-bucket-allocator-bucket-count=8"
    "memorysetup-profiler-bucket-allocator-block-size=33554432"
    "memorysetup-profiler-bucket-allocator-block-count=8"
    "memorysetup-profiler-allocator-block-size=16777216"
    "memorysetup-profiler-editor-allocator-block-size=1048576"
    "memorysetup-temp-allocator-size-main=16777216"
    "memorysetup-job-temp-allocator-block-size=2097152"
    "memorysetup-job-temp-allocator-block-size-background=1048576"
    "memorysetup-job-temp-allocator-reduction-small-platforms=262144"
    "memorysetup-allocator-temp-initial-block-size-main=262144"
    "memorysetup-allocator-temp-initial-block-size-worker=262144"
    "memorysetup-temp-allocator-size-background-worker=32768"
    "memorysetup-temp-allocator-size-job-worker=262144"
    "memorysetup-temp-allocator-size-preload-manager=33554432"
    "memorysetup-temp-allocator-size-nav-mesh-worker=65536"
    "memorysetup-temp-allocator-size-audio-worker=65536"
    "memorysetup-temp-allocator-size-cloud-worker=32768"
    "memorysetup-temp-allocator-size-gi-baking-worker=262144"
    "memorysetup-temp-allocator-size-gfx=262144"
Player connection [21912] Host "[IP] 192.168.0.247 [Port] 0 [Flags] 2 [Guid] 986065525 [EditorId] 986065525 [Version] 1048832 [Id] WindowsEditor(7,MSI) [Debug] 1 [PackageName] WindowsEditor [ProjectName] Editor" joined multi-casting on [225.0.0.222:54997]...

Player connection [21912] Host "[IP] 192.168.0.247 [Port] 0 [Flags] 2 [Guid] 986065525 [EditorId] 986065525 [Version] 1048832 [Id] WindowsEditor(7,MSI) [Debug] 1 [PackageName] WindowsEditor [ProjectName] Editor" joined alternative multi-casting on [225.0.0.222:34997]...

[Physics::Module] Initialized MultithreadedJobDispatcher with 15 workers.
Refreshing native plugins compatible for Editor in 27.51 ms, found 13 plugins.
Preloading 1 native plugins for Editor in 0.68 ms.
Initialize engine version: 2022.3.20f1 (61c2feb0970d)
[Subsystems] Discovering subsystems at path C:/Program Files/Unity/Hub/Editor/2022.3.20f1/Editor/Data/Resources/UnitySubsystems
[Subsystems] Discovering subsystems at path C:/Users/makem/Documents/GitHub/VRUnityTutorial/Assets
GfxDevice: creating device client; threaded=0; jobified=0
Direct3D:
    Version:  Direct3D 11.0 [level 11.1]
    Renderer: AMD Radeon RX 6700M (ID=0x73df)
    Vendor:   ATI
    VRAM:     10194 MB
    Driver:   31.0.14057.5006
Initialize mono
Mono path[0] = 'C:/Program Files/Unity/Hub/Editor/2022.3.20f1/Editor/Data/Managed'
Mono path[1] = 'C:/Program Files/Unity/Hub/Editor/2022.3.20f1/Editor/Data/MonoBleedingEdge/lib/mono/unityjit-win32'
Mono config path = 'C:/Program Files/Unity/Hub/Editor/2022.3.20f1/Editor/Data/MonoBleedingEdge/etc'
Using monoOptions --debugger-agent=transport=dt_socket,embedding=1,server=y,suspend=n,address=127.0.0.1:56280
Begin MonoManager ReloadAssembly
Registering precompiled unity dll's ...
Register platform support module: C:/Program Files/Unity/Hub/Editor/2022.3.20f1/Editor/Data/PlaybackEngines/WebGLSupport/UnityEditor.WebGL.Extensions.dll
Register platform support module: C:/Program Files/Unity/Hub/Editor/2022.3.20f1/Editor/Data/PlaybackEngines/AndroidPlayer/UnityEditor.Android.Extensions.dll
Register platform support module: C:/Program Files/Unity/Hub/Editor/2022.3.20f1/Editor/Data/PlaybackEngines/iOSSupport/UnityEditor.iOS.Extensions.dll
Register platform support module: C:/Program Files/Unity/Hub/Editor/2022.3.20f1/Editor/Data/PlaybackEngines/WindowsStandaloneSupport/UnityEditor.WindowsStandalone.Extensions.dll
Register platform support module: C:/Program Files/Unity/Hub/Editor/2022.3.20f1/Editor/Data/PlaybackEngines/MetroSupport/UnityEditor.UWP.Extensions.dll
Registered in 0.013287 seconds.
- Loaded All Assemblies, in  0.503 seconds
Native extension for UWP target not found
Native extension for WindowsStandalone target not found
[usbmuxd] Start listen thread
[usbmuxd] Listen thread started
Native extension for iOS target not found
Native extension for Android target not found
Android Extension - Scanning For ADB Devices 281 ms
Native extension for WebGL target not found
Mono: successfully reloaded assembly
- Finished resetting the current domain, in  0.619 seconds
Domain Reload Profiling: 1121ms
	BeginReloadAssembly (175ms)
		ExecutionOrderSort (0ms)
		DisableScriptedObjects (0ms)
		BackupInstance (0ms)
		ReleaseScriptingObjects (0ms)
		CreateAndSetChildDomain (1ms)
	RebuildCommonClasses (43ms)
	RebuildNativeTypeToScriptingClass (10ms)
	initialDomainReloadingComplete (67ms)
	LoadAllAssembliesAndSetupDomain (207ms)
		LoadAssemblies (176ms)
		RebuildTransferFunctionScriptingTraits (0ms)
		AnalyzeDomain (201ms)
			TypeCache.Refresh (199ms)
				TypeCache.ScanAssembly (179ms)
			ScanForSourceGeneratedMonoScriptInfo (1ms)
			ResolveRequiredComponents (1ms)
	FinalizeReload (619ms)
		ReleaseScriptCaches (0ms)
		RebuildScriptCaches (0ms)
		SetupLoadedEditorAssemblies (565ms)
			LogAssemblyErrors (0ms)
			InitializePlatformSupportModulesInManaged (404ms)
			SetLoadedEditorAssemblies (4ms)
			RefreshPlugins (0ms)
			BeforeProcessingInitializeOnLoad (3ms)
			ProcessInitializeOnLoadAttributes (111ms)
			ProcessInitializeOnLoadMethodAttributes (42ms)
			AfterProcessingInitializeOnLoad (0ms)
			EditorAssembliesLoaded (0ms)
		ExecutionOrderSort2 (0ms)
		AwakeInstancesAfterBackupRestoration (0ms)
========================================================================
Worker process is ready to serve import requests
Begin MonoManager ReloadAssembly
- Loaded All Assemblies, in  0.950 seconds
Refreshing native plugins compatible for Editor in 19.04 ms, found 13 plugins.
Native extension for UWP target not found
Native extension for WindowsStandalone target not found
Native extension for iOS target not found
Native extension for Android target not found
Native extension for WebGL target not found
Package Manager log level set to [2]
[Package Manager] Server::EnsureServerProcessIsRunning -- launch failed, reason: Unity was launched with the -noUpm command-line argument
[Package Manager] UpmClient::Send -- Unable to send message (not connected to UPM process).
[Package Manager] Cannot connect to Unity Package Manager local server
[Package Manager] Server::EnsureServerProcessIsRunning -- launch failed, reason: Unity was launched with the -noUpm command-line argument
[Package Manager] UpmClient::Send -- Unable to send message (not connected to UPM process).
[Package Manager] Cannot connect to Unity Package Manager local server
System.Reflection.TargetInvocationException: Exception has been thrown by the target of an invocation. ---> System.NullReferenceException: Object reference not set to an instance of an object
  at Unity.XR.Oculus.OculusLoader.AssetPathToAbsolutePath (System.String assetPath) [0x0003d] in .\Library\PackageCache\com.unity.xr.oculus@4.1.2\Runtime\OculusLoader.cs:287 
  at Unity.XR.Oculus.OculusLoader.EditorLoadOVRPlugin () [0x00084] in .\Library\PackageCache\com.unity.xr.oculus@4.1.2\Runtime\OculusLoader.cs:272 
  at (wrapper managed-to-native) System.Reflection.RuntimeMethodInfo.InternalInvoke(System.Reflection.RuntimeMethodInfo,object,object[],System.Exception&)
  at System.Reflection.RuntimeMethodInfo.Invoke (System.Object obj, System.Reflection.BindingFlags invokeAttr, System.Reflection.Binder binder, System.Object[] parameters, System.Globalization.CultureInfo culture) [0x0006a] in <dc753a1061284f8e971ee88ee4826eee>:0 
   --- End of inner exception stack trace ---
  at System.Reflection.RuntimeMethodInfo.Invoke (System.Object obj, System.Reflection.BindingFlags invokeAttr, System.Reflection.Binder binder, System.Object[] parameters, System.Globalization.CultureInfo culture) [0x00083] in <dc753a1061284f8e971ee88ee4826eee>:0 
  at System.Reflection.MethodBase.Invoke (System.Object obj, System.Object[] parameters) [0x00000] in <dc753a1061284f8e971ee88ee4826eee>:0 
  at UnityEditor.EditorAssemblies.ProcessInitializeOnLoadMethodAttributes () [0x000a5] in <5d5ebefe97114215928ac1d9cd096522>:0 
UnityEngine.StackTraceUtility:ExtractStackTrace ()
UnityEngine.DebugLogHandler:LogFormat (UnityEngine.LogType,UnityEngine.Object,string,object[])
UnityEngine.Logger:Log (UnityEngine.LogType,object)
UnityEngine.Debug:LogError (object)
UnityEditor.EditorAssemblies:ProcessInitializeOnLoadMethodAttributes ()

Mono: successfully reloaded assembly
[Package Manager] Server::EnsureServerProcessIsRunning -- launch failed, reason: Unity was launched with the -noUpm command-line argument
[Package Manager] UpmClient::Send -- Unable to send message (not connected to UPM process).
[Package Manager] Cannot connect to Unity Package Manager local server
[Package Manager] Server::EnsureServerProcessIsRunning -- launch failed, reason: Unity was launched with the -noUpm command-line argument
[Package Manager] UpmClient::Send -- Unable to send message (not connected to UPM process).
[Package Manager] Cannot connect to Unity Package Manager local server
- Finished resetting the current domain, in  0.756 seconds
Domain Reload Profiling: 1700ms
	BeginReloadAssembly (152ms)
		ExecutionOrderSort (0ms)
		DisableScriptedObjects (5ms)
		BackupInstance (0ms)
		ReleaseScriptingObjects (0ms)
		CreateAndSetChildDomain (21ms)
	RebuildCommonClasses (29ms)
	RebuildNativeTypeToScriptingClass (9ms)
	initialDomainReloadingComplete (46ms)
	LoadAllAssembliesAndSetupDomain (709ms)
		LoadAssemblies (490ms)
		RebuildTransferFunctionScriptingTraits (0ms)
		AnalyzeDomain (310ms)
			TypeCache.Refresh (260ms)
				TypeCache.ScanAssembly (232ms)
			ScanForSourceGeneratedMonoScriptInfo (38ms)
			ResolveRequiredComponents (11ms)
	FinalizeReload (756ms)
		ReleaseScriptCaches (0ms)
		RebuildScriptCaches (0ms)
		SetupLoadedEditorAssemblies (586ms)
			LogAssemblyErrors (0ms)
			InitializePlatformSupportModulesInManaged (35ms)
			SetLoadedEditorAssemblies (3ms)
			RefreshPlugins (0ms)
			BeforeProcessingInitializeOnLoad (82ms)
			ProcessInitializeOnLoadAttributes (350ms)
			ProcessInitializeOnLoadMethodAttributes (109ms)
			AfterProcessingInitializeOnLoad (7ms)
			EditorAssembliesLoaded (0ms)
		ExecutionOrderSort2 (0ms)
		AwakeInstancesAfterBackupRestoration (5ms)
Launched and connected shader compiler UnityShaderCompiler.exe after 0.06 seconds
Refreshing native plugins compatible for Editor in 17.24 ms, found 13 plugins.
Preloading 1 native plugins for Editor in 0.07 ms.
Unloading 6265 Unused Serialized files (Serialized files now loaded: 0)
Unloading 116 unused Assets / (409.5 KB). Loaded Objects now: 6763.
Memory consumption went from 240.6 MB to 240.2 MB.
Total: 5.306600 ms (FindLiveObjects: 0.478300 ms CreateObjectMapping: 0.409300 ms MarkObjects: 4.082200 ms  DeleteObjects: 0.335600 ms)

AssetImportParameters requested are different than current active one (requested -> active):
  custom:container-demuxer-ogg: 62fdf1f143b41e24485cea50d1cbac27 -> 
  custom:video-decoder-ogg-theora: a1e56fd34408186e4bbccfd4996cb3dc -> 
  custom:framework-win-MediaFoundation: 216162199b28c13a410421893ffa2e32 -> 
  custom:CustomObjectIndexerAttribute: 62b5816608c3102f162a1797e29626cf -> 
  custom:container-demuxer-webm: 4f35f7cbe854078d1ac9338744f61a02 -> 
  custom:container-muxer-webm: aa71ff27fc2769a1b78a27578f13a17b -> 
  custom:video-decoder-webm-vp8: 9c59270c3fd7afecdb556c50c9e8de78 -> 
  custom:SearchIndexIgnoredProperties: e643bd26f0fe6173181afceb89e7c659 -> 
  custom:AudioImporter_EditorPlatform: d09bf68614088b80899f8185d706f6e7 -> 
  custom:video-encoder-webm-vp8: eb34c28f22e8b96e1ab97ce403110664 -> 
  custom:audio-decoder-ogg-vorbis: bf7c407c2cedff20999df2af8eb42d56 -> 
  custom:audio-encoder-webm-vorbis: bf7c407c2cedff20999df2af8eb42d56 -> 
========================================================================
Received Import Request.
  Time since last request: 17251.973284 seconds.
  path: Assets/com.gleechi.unity.virtualgrasp/Editor/Resources/T_gleechi.png
  artifactKey: Guid(ed1503e08c4aa084b95a1668189b994a) Importer(815301076,1909f56bfc062723c751e8b465ee728b)
Start importing Assets/com.gleechi.unity.virtualgrasp/Editor/Resources/T_gleechi.png using Guid(ed1503e08c4aa084b95a1668189b994a) Importer(815301076,1909f56bfc062723c751e8b465ee728b)  -> (artifact id: '0a5facdffc1b0b86c5d78913678230dc') in 0.057713 seconds
Number of updated asset objects reloaded before import = 0
Number of asset objects unloaded after import = 2
========================================================================
Received Import Request.
  Time since last request: 1.549380 seconds.
  path: Assets/com.gleechi.unity.virtualgrasp/Runtime/Resources/VG_Utility.asset
  artifactKey: Guid(86692bddfead6264bafbcb02fb06b186) Importer(815301076,1909f56bfc062723c751e8b465ee728b)
Start importing Assets/com.gleechi.unity.virtualgrasp/Runtime/Resources/VG_Utility.asset using Guid(86692bddfead6264bafbcb02fb06b186) Importer(815301076,1909f56bfc062723c751e8b465ee728b)  -> (artifact id: '82cc0b43eca35fffbd3c808b9b48da10') in 0.001476 seconds
Number of updated asset objects reloaded before import = 0
Number of asset objects unloaded after import = 1
========================================================================
Received Import Request.
  Time since last request: 6.672874 seconds.
  path: Assets/com.gleechi.unity.virtualgrasp/Runtime/Scripts/Gleechi.VirtualGrasp.Runtime.asmdef
  artifactKey: Guid(e1a114fd017cd6f489cc0e96ca379cf6) Importer(815301076,1909f56bfc062723c751e8b465ee728b)
Start importing Assets/com.gleechi.unity.virtualgrasp/Runtime/Scripts/Gleechi.VirtualGrasp.Runtime.asmdef using Guid(e1a114fd017cd6f489cc0e96ca379cf6) Importer(815301076,1909f56bfc062723c751e8b465ee728b)  -> (artifact id: '221fc6b2ea9aa1f22e9457e57eea2869') in 0.000524 seconds
Number of updated asset objects reloaded before import = 0
Number of asset objects unloaded after import = 0
========================================================================
Received Import Request.
  Time since last request: 33.804993 seconds.
  path: Assets/com.gleechi.unity.virtualgrasp/Samples/Tests/Data/vg-grasps-userstudy.db
  artifactKey: Guid(c36c41db921f955469a104629441b4f4) Importer(815301076,1909f56bfc062723c751e8b465ee728b)
Start importing Assets/com.gleechi.unity.virtualgrasp/Samples/Tests/Data/vg-grasps-userstudy.db using Guid(c36c41db921f955469a104629441b4f4) Importer(815301076,1909f56bfc062723c751e8b465ee728b)  -> (artifact id: 'cc409384c8f37232d502e6f2da816644') in 0.011372 seconds
Number of updated asset objects reloaded before import = 0
Number of asset objects unloaded after import = 1
========================================================================
Received Import Request.
  Time since last request: 0.518268 seconds.
  path: Assets/com.gleechi.unity.virtualgrasp/Samples/Tests/Materials/M_Blue.mat
  artifactKey: Guid(d8f56beb1d97e0a479b5d4e30df47ad9) Importer(815301076,1909f56bfc062723c751e8b465ee728b)
Start importing Assets/com.gleechi.unity.virtualgrasp/Samples/Tests/Materials/M_Blue.mat using Guid(d8f56beb1d97e0a479b5d4e30df47ad9) Importer(815301076,1909f56bfc062723c751e8b465ee728b)  -> (artifact id: '6eb7fdaa413b689404b5ad7b0ca85c91') in 0.223831 seconds
Number of updated asset objects reloaded before import = 0
Number of asset objects unloaded after import = 2
========================================================================
Received Import Request.
  Time since last request: 0.000023 seconds.
  path: Assets/com.gleechi.unity.virtualgrasp/Samples/Tests/Materials/M_White.mat
  artifactKey: Guid(39f6d0e42258bdd469ce49be96fbeef2) Importer(815301076,1909f56bfc062723c751e8b465ee728b)
Start importing Assets/com.gleechi.unity.virtualgrasp/Samples/Tests/Materials/M_White.mat using Guid(39f6d0e42258bdd469ce49be96fbeef2) Importer(815301076,1909f56bfc062723c751e8b465ee728b)  -> (artifact id: '3d60dd2dfb4b4e16fd05f3c1ad60cfcc') in 0.008769 seconds
Number of updated asset objects reloaded before import = 0
Number of asset objects unloaded after import = 2
========================================================================
Received Import Request.
  Time since last request: 0.000027 seconds.
  path: Assets/com.gleechi.unity.virtualgrasp/Samples/Tests/Materials/M_Green.mat
  artifactKey: Guid(40570cfffcd7d6d4e97d72aba1ed8fd3) Importer(815301076,1909f56bfc062723c751e8b465ee728b)
Start importing Assets/com.gleechi.unity.virtualgrasp/Samples/Tests/Materials/M_Green.mat using Guid(40570cfffcd7d6d4e97d72aba1ed8fd3) Importer(815301076,1909f56bfc062723c751e8b465ee728b)  -> (artifact id: 'ae3a6bc85c048d34abed27af7b8262f7') in 0.006951 seconds
Number of updated asset objects reloaded before import = 0
Number of asset objects unloaded after import = 2
========================================================================
Received Import Request.
  Time since last request: 0.143308 seconds.
  path: Assets/com.gleechi.unity.virtualgrasp/Samples/Tests/Meshes/SM_banana.fbx
  artifactKey: Guid(32e6522eef510774682b5cdaa202fb98) Importer(815301076,1909f56bfc062723c751e8b465ee728b)
Start importing Assets/com.gleechi.unity.virtualgrasp/Samples/Tests/Meshes/SM_banana.fbx using Guid(32e6522eef510774682b5cdaa202fb98) Importer(815301076,1909f56bfc062723c751e8b465ee728b)  -> (artifact id: '5f2ebb8b2a1eed3ef1542711567ef723') in 0.861060 seconds
Number of updated asset objects reloaded before import = 0
Number of asset objects unloaded after import = 11
========================================================================
Received Import Request.
  Time since last request: 0.376334 seconds.
  path: Assets/com.gleechi.unity.virtualgrasp/Samples/Tests/Scripts/Gleechi.VirtualGrasp.Tests.asmdef
  artifactKey: Guid(ab735892393279744a02c40d87e815a3) Importer(815301076,1909f56bfc062723c751e8b465ee728b)
Start importing Assets/com.gleechi.unity.virtualgrasp/Samples/Tests/Scripts/Gleechi.VirtualGrasp.Tests.asmdef using Guid(ab735892393279744a02c40d87e815a3) Importer(815301076,1909f56bfc062723c751e8b465ee728b)  -> (artifact id: 'f25c5703b405f8b22ad042c1332869f6') in 0.000634 seconds
Number of updated asset objects reloaded before import = 0
Number of asset objects unloaded after import = 0
========================================================================
Received Import Request.
  Time since last request: 1.182471 seconds.
  path: Assets/com.gleechi.unity.virtualgrasp/Samples/Tests/Resources/Testing/apple.prefab
  artifactKey: Guid(d1419e7de3ffa0a47852721865c7928c) Importer(815301076,1909f56bfc062723c751e8b465ee728b)
Start importing Assets/com.gleechi.unity.virtualgrasp/Samples/Tests/Resources/Testing/apple.prefab using Guid(d1419e7de3ffa0a47852721865c7928c) Importer(815301076,1909f56bfc062723c751e8b465ee728b)  -> (artifact id: '86ba52da710797a4938774c4f52a3624') in 0.100904 seconds
Number of updated asset objects reloaded before import = 0
Number of asset objects unloaded after import = 20
========================================================================
Received Import Request.
  Time since last request: 0.000030 seconds.
  path: Assets/com.gleechi.unity.virtualgrasp/Samples/Tests/Resources/Testing/Hammer_vg_revolute.prefab
  artifactKey: Guid(9a1bea04d5c84674ebf70033a011f783) Importer(815301076,1909f56bfc062723c751e8b465ee728b)
Start importing Assets/com.gleechi.unity.virtualgrasp/Samples/Tests/Resources/Testing/Hammer_vg_revolute.prefab using Guid(9a1bea04d5c84674ebf70033a011f783) Importer(815301076,1909f56bfc062723c751e8b465ee728b)  -> (artifact id: '3db7a5ae4b1b3e090dd3e11567749f90') in 0.034677 seconds
Number of updated asset objects reloaded before import = 0
Number of asset objects unloaded after import = 12
========================================================================
Received Import Request.
  Time since last request: 0.000030 seconds.
  path: Assets/com.gleechi.unity.virtualgrasp/Samples/Tests/Resources/Testing/Off_pivot_ab_floating_prismatic.prefab
  artifactKey: Guid(4265406b628766a459d9d34ff44d0754) Importer(815301076,1909f56bfc062723c751e8b465ee728b)
Start importing Assets/com.gleechi.unity.virtualgrasp/Samples/Tests/Resources/Testing/Off_pivot_ab_floating_prismatic.prefab using Guid(4265406b628766a459d9d34ff44d0754) Importer(815301076,1909f56bfc062723c751e8b465ee728b)  -> (artifact id: '4be28da375358ff4831c6eb877b12220') in 0.012855 seconds
Number of updated asset objects reloaded before import = 0
Number of asset objects unloaded after import = 29
========================================================================
Received Import Request.
  Time since last request: 0.000018 seconds.
  path: Assets/com.gleechi.unity.virtualgrasp/Samples/Tests/Resources/Testing/ScrewdriverAssemble.prefab
  artifactKey: Guid(5d20f28ab07a8db4597673542116a9c8) Importer(815301076,1909f56bfc062723c751e8b465ee728b)
Start importing Assets/com.gleechi.unity.virtualgrasp/Samples/Tests/Resources/Testing/ScrewdriverAssemble.prefab using Guid(5d20f28ab07a8db4597673542116a9c8) Importer(815301076,1909f56bfc062723c751e8b465ee728b)  -> (artifact id: 'bea86a4821aa9c829cf0304317cbbdfb') in 0.131042 seconds
Number of updated asset objects reloaded before import = 0
Number of asset objects unloaded after import = 195
========================================================================
Received Import Request.
  Time since last request: 0.000026 seconds.
  path: Assets/com.gleechi.unity.virtualgrasp/Samples/Tests/Resources/Testing/Off_pivot_ab_floating_revolute.prefab
  artifactKey: Guid(09428eca89cb2bd42b33366b4c277830) Importer(815301076,1909f56bfc062723c751e8b465ee728b)
Start importing Assets/com.gleechi.unity.virtualgrasp/Samples/Tests/Resources/Testing/Off_pivot_ab_floating_revolute.prefab using Guid(09428eca89cb2bd42b33366b4c277830) Importer(815301076,1909f56bfc062723c751e8b465ee728b)  -> (artifact id: '39fcbbb7241dfe2b94b69d85177b1d62') in 0.014620 seconds
Number of updated asset objects reloaded before import = 0
Number of asset objects unloaded after import = 29
========================================================================
Received Import Request.
  Time since last request: 0.000020 seconds.
  path: Assets/com.gleechi.unity.virtualgrasp/Samples/Tests/Resources/Testing/Off_pivot_vg_floating_prismatic_free.prefab
  artifactKey: Guid(7b21036722af8de42a5e844fcd59d3e0) Importer(815301076,1909f56bfc062723c751e8b465ee728b)
Start importing Assets/com.gleechi.unity.virtualgrasp/Samples/Tests/Resources/Testing/Off_pivot_vg_floating_prismatic_free.prefab using Guid(7b21036722af8de42a5e844fcd59d3e0) Importer(815301076,1909f56bfc062723c751e8b465ee728b)  -> (artifact id: '6a4411c52817f036f88537a94d94699e') in 0.013461 seconds
Number of updated asset objects reloaded before import = 0
Number of asset objects unloaded after import = 29
========================================================================
Received Import Request.
  Time since last request: 0.000020 seconds.
  path: Assets/com.gleechi.unity.virtualgrasp/Samples/Tests/Resources/Testing/Off_pivot_vg_floating_revolute_free.prefab
  artifactKey: Guid(2ce130f98a971c64a906a6547983516f) Importer(815301076,1909f56bfc062723c751e8b465ee728b)
Start importing Assets/com.gleechi.unity.virtualgrasp/Samples/Tests/Resources/Testing/Off_pivot_vg_floating_revolute_free.prefab using Guid(2ce130f98a971c64a906a6547983516f) Importer(815301076,1909f56bfc062723c751e8b465ee728b)  -> (artifact id: 'ccbeb0bf6641d133d691481888688262') in 0.008836 seconds
Number of updated asset objects reloaded before import = 0
Number of asset objects unloaded after import = 29
========================================================================
Received Import Request.
  Time since last request: 0.000019 seconds.
  path: Assets/com.gleechi.unity.virtualgrasp/Samples/Tests/Resources/Testing/Off_pivot_vg_revolute_multichain_3level.prefab
  artifactKey: Guid(0b99a8307c9956d4d94ac7b6652807f1) Importer(815301076,1909f56bfc062723c751e8b465ee728b)
Start importing Assets/com.gleechi.unity.virtualgrasp/Samples/Tests/Resources/Testing/Off_pivot_vg_revolute_multichain_3level.prefab using Guid(0b99a8307c9956d4d94ac7b6652807f1) Importer(815301076,1909f56bfc062723c751e8b465ee728b)  -> (artifact id: '15b591fd0dacec3a39d8056e4984c70b') in 0.013307 seconds
Number of updated asset objects reloaded before import = 0
Number of asset objects unloaded after import = 48
========================================================================
Received Import Request.
  Time since last request: 0.000029 seconds.
  path: Assets/com.gleechi.unity.virtualgrasp/Samples/Tests/Resources/Testing/Move_empty_node_parent.prefab
  artifactKey: Guid(d57785029f3c8144c899375d516caad7) Importer(815301076,1909f56bfc062723c751e8b465ee728b)
Start importing Assets/com.gleechi.unity.virtualgrasp/Samples/Tests/Resources/Testing/Move_empty_node_parent.prefab using Guid(d57785029f3c8144c899375d516caad7) Importer(815301076,1909f56bfc062723c751e8b465ee728b)  -> (artifact id: '0c2afb6597075d3341686bc645b486bd') in 0.020339 seconds
Number of updated asset objects reloaded before import = 0
Number of asset objects unloaded after import = 19
========================================================================
Received Import Request.
  Time since last request: 0.000020 seconds.
  path: Assets/com.gleechi.unity.virtualgrasp/Samples/Tests/Resources/Testing/ReplayBaseLinePhysicalHand.prefab
  artifactKey: Guid(6fe26ac7bc9365342bcef4ef8f693402) Importer(815301076,1909f56bfc062723c751e8b465ee728b)
Start importing Assets/com.gleechi.unity.virtualgrasp/Samples/Tests/Resources/Testing/ReplayBaseLinePhysicalHand.prefab using Guid(6fe26ac7bc9365342bcef4ef8f693402) Importer(815301076,1909f56bfc062723c751e8b465ee728b)  -> (artifact id: 'fe9d777fccb3df360af82e31588cfd3d') in 0.027709 seconds
Number of updated asset objects reloaded before import = 0
Number of asset objects unloaded after import = 233
========================================================================
Received Import Request.
  Time since last request: 0.000023 seconds.
  path: Assets/com.gleechi.unity.virtualgrasp/Samples/Tests/Resources/Testing/RuntimeInputTestChainRootRigidbodyIskinematic.prefab
  artifactKey: Guid(cd1e590a859f92f4cb72a879e5783cdc) Importer(815301076,1909f56bfc062723c751e8b465ee728b)
Start importing Assets/com.gleechi.unity.virtualgrasp/Samples/Tests/Resources/Testing/RuntimeInputTestChainRootRigidbodyIskinematic.prefab using Guid(cd1e590a859f92f4cb72a879e5783cdc) Importer(815301076,1909f56bfc062723c751e8b465ee728b)  -> (artifact id: '2f0961b1a6ce08301a8fb8a74ac40522') in 0.046347 seconds
Number of updated asset objects reloaded before import = 0
Number of asset objects unloaded after import = 268
========================================================================
Received Import Request.
  Time since last request: 0.000019 seconds.
  path: Assets/com.gleechi.unity.virtualgrasp/Samples/Tests/Resources/Testing/Off_pivot_vg_prismatic.prefab
  artifactKey: Guid(5d305b5fa7f5d7d40a74e556ee9d01c4) Importer(815301076,1909f56bfc062723c751e8b465ee728b)
Start importing Assets/com.gleechi.unity.virtualgrasp/Samples/Tests/Resources/Testing/Off_pivot_vg_prismatic.prefab using Guid(5d305b5fa7f5d7d40a74e556ee9d01c4) Importer(815301076,1909f56bfc062723c751e8b465ee728b)  -> (artifact id: 'b3e4035c77f44d83b42c04a4a1bf11bd') in 0.009286 seconds
Number of updated asset objects reloaded before import = 0
Number of asset objects unloaded after import = 31
========================================================================
Received Import Request.
  Time since last request: 0.000019 seconds.
  path: Assets/com.gleechi.unity.virtualgrasp/Samples/Tests/Resources/Testing/Off_pivot_vg_floating_prismatic.prefab
  artifactKey: Guid(f58ea92c14dc49b458407bc0849d692b) Importer(815301076,1909f56bfc062723c751e8b465ee728b)
Start importing Assets/com.gleechi.unity.virtualgrasp/Samples/Tests/Resources/Testing/Off_pivot_vg_floating_prismatic.prefab using Guid(f58ea92c14dc49b458407bc0849d692b) Importer(815301076,1909f56bfc062723c751e8b465ee728b)  -> (artifact id: '2f300e8195094ea592b0ff3ebaa6f8ce') in 0.008627 seconds
Number of updated asset objects reloaded before import = 0
Number of asset objects unloaded after import = 29
========================================================================
Received Import Request.
  Time since last request: 0.000027 seconds.
  path: Assets/com.gleechi.unity.virtualgrasp/Samples/Tests/Resources/Testing/button_indexpush_with_physical_base.prefab
  artifactKey: Guid(45a36e14eb15d484d936dedd9910fdc8) Importer(815301076,1909f56bfc062723c751e8b465ee728b)
Start importing Assets/com.gleechi.unity.virtualgrasp/Samples/Tests/Resources/Testing/button_indexpush_with_physical_base.prefab using Guid(45a36e14eb15d484d936dedd9910fdc8) Importer(815301076,1909f56bfc062723c751e8b465ee728b)  -> (artifact id: '43573f07a4b5b10b881ab2cd11c133b9') in 0.035291 seconds
Number of updated asset objects reloaded before import = 0
Number of asset objects unloaded after import = 53
========================================================================
Received Import Request.
  Time since last request: 0.000024 seconds.
  path: Assets/com.gleechi.unity.virtualgrasp/Samples/Tests/Resources/Testing/Off_pivot_ab_revolute_cube_root.prefab
  artifactKey: Guid(e95213c0cd4639c46876b4404d85ce5c) Importer(815301076,1909f56bfc062723c751e8b465ee728b)
Start importing Assets/com.gleechi.unity.virtualgrasp/Samples/Tests/Resources/Testing/Off_pivot_ab_revolute_cube_root.prefab using Guid(e95213c0cd4639c46876b4404d85ce5c) Importer(815301076,1909f56bfc062723c751e8b465ee728b)  -> (artifact id: '47750ce33efbac089c21b60d45b502d4') in 0.016323 seconds
Number of updated asset objects reloaded before import = 0
Number of asset objects unloaded after import = 29
========================================================================
Received Import Request.
  Time since last request: 0.500893 seconds.
  path: Assets/com.gleechi.unity.virtualgrasp/Samples/Tests/Resources/Testing/TestBaseLine.prefab
  artifactKey: Guid(4e437735acb8f5e4a89f936ff50e0e79) Importer(815301076,1909f56bfc062723c751e8b465ee728b)
Start importing Assets/com.gleechi.unity.virtualgrasp/Samples/Tests/Resources/Testing/TestBaseLine.prefab using Guid(4e437735acb8f5e4a89f936ff50e0e79) Importer(815301076,1909f56bfc062723c751e8b465ee728b)  -> (artifact id: 'e04c0c73a3abf2c23d7cd0eefc6ae66b') in 0.015643 seconds
Number of updated asset objects reloaded before import = 0
Number of asset objects unloaded after import = 238
========================================================================
Received Import Request.
  Time since last request: 2.118043 seconds.
  path: Assets/com.gleechi.unity.virtualgrasp/Samples/Tutorials/TutorialCallbacks.asset
  artifactKey: Guid(d66fbade1bcaed448b6398fd6ea84d2c) Importer(815301076,1909f56bfc062723c751e8b465ee728b)
Start importing Assets/com.gleechi.unity.virtualgrasp/Samples/Tutorials/TutorialCallbacks.asset using Guid(d66fbade1bcaed448b6398fd6ea84d2c) Importer(815301076,1909f56bfc062723c751e8b465ee728b)  -> (artifact id: '3f129855bf2b2bf0c257b05092011425') in 0.001164 seconds
Number of updated asset objects reloaded before import = 0
Number of asset objects unloaded after import = 1
========================================================================
Received Import Request.
  Time since last request: 0.000027 seconds.
  path: Assets/com.gleechi.unity.virtualgrasp/Samples/Tutorials/Tutorials.asset
  artifactKey: Guid(2abc63248eb224d4ca29a61a8ecbdfb1) Importer(815301076,1909f56bfc062723c751e8b465ee728b)
Start importing Assets/com.gleechi.unity.virtualgrasp/Samples/Tutorials/Tutorials.asset using Guid(2abc63248eb224d4ca29a61a8ecbdfb1) Importer(815301076,1909f56bfc062723c751e8b465ee728b)  -> (artifact id: '2037d7100bb212477b9710371e222408') in 0.001346 seconds
Number of updated asset objects reloaded before import = 0
Number of asset objects unloaded after import = 1
Editor requested this worker to shutdown with reason: Scaling down because of idle timeout
TcpMessagingSession - receive error: operation aborted. errorcode: 995, details: The I/O operation has been aborted because of either a thread exit or an application request.
AssetImportWorker is now disconnected from the server
Process exiting
Exiting without the bug reporter. Application will terminate with return code 0