Using pre-set license
Built from '2022.3/release' branch; Version is '2022.3.20f1 (61c2feb0970d) revision 6406910'; Using compiler version '192829333'; Build Type 'Release'
OS: 'Windows 11  (10.0.22631) 64bit Core' Language: 'en' Physical Memory: 15754 MB
BatchMode: 1, IsHumanControllingUs: 0, StartBugReporterOnCrash: 0, Is64bit: 1, IsPro: 1

COMMAND LINE ARGUMENTS:
C:\Program Files\Unity\Hub\Editor\2022.3.20f1\Editor\Unity.exe
-adb2
-batchMode
-noUpm
-name
AssetImportWorker5
-projectPath
C:/Users/makem/Documents/GitHub/VRUnityTutorial
-logFile
Logs/AssetImportWorker5.log
-srvPort
64702
Successfully changed project path to: C:/Users/makem/Documents/GitHub/VRUnityTutorial
C:/Users/makem/Documents/GitHub/VRUnityTutorial
[UnityMemory] Configuration Parameters - Can be set up in boot.config
    "memorysetup-bucket-allocator-granularity=16"
    "memorysetup-bucket-allocator-bucket-count=8"
    "memorysetup-bucket-allocator-block-size=33554432"
    "memorysetup-bucket-allocator-block-count=8"
    "memorysetup-main-allocator-block-size=16777216"
    "memorysetup-thread-allocator-block-size=16777216"
    "memorysetup-gfx-main-allocator-block-size=16777216"
    "memorysetup-gfx-thread-allocator-block-size=16777216"
    "memorysetup-cache-allocator-block-size=4194304"
    "memorysetup-typetree-allocator-block-size=2097152"
    "memorysetup-profiler-bucket-allocator-granularity=16"
    "memorysetup-profiler-bucket-allocator-bucket-count=8"
    "memorysetup-profiler-bucket-allocator-block-size=33554432"
    "memorysetup-profiler-bucket-allocator-block-count=8"
    "memorysetup-profiler-allocator-block-size=16777216"
    "memorysetup-profiler-editor-allocator-block-size=1048576"
    "memorysetup-temp-allocator-size-main=16777216"
    "memorysetup-job-temp-allocator-block-size=2097152"
    "memorysetup-job-temp-allocator-block-size-background=1048576"
    "memorysetup-job-temp-allocator-reduction-small-platforms=262144"
    "memorysetup-allocator-temp-initial-block-size-main=262144"
    "memorysetup-allocator-temp-initial-block-size-worker=262144"
    "memorysetup-temp-allocator-size-background-worker=32768"
    "memorysetup-temp-allocator-size-job-worker=262144"
    "memorysetup-temp-allocator-size-preload-manager=33554432"
    "memorysetup-temp-allocator-size-nav-mesh-worker=65536"
    "memorysetup-temp-allocator-size-audio-worker=65536"
    "memorysetup-temp-allocator-size-cloud-worker=32768"
    "memorysetup-temp-allocator-size-gi-baking-worker=262144"
    "memorysetup-temp-allocator-size-gfx=262144"
Player connection [28764] Host "[IP] 192.168.0.247 [Port] 0 [Flags] 2 [Guid] 1348313765 [EditorId] 1348313765 [Version] 1048832 [Id] WindowsEditor(7,MSI) [Debug] 1 [PackageName] WindowsEditor [ProjectName] Editor" joined multi-casting on [225.0.0.222:54997]...

Player connection [28764] Host "[IP] 192.168.0.247 [Port] 0 [Flags] 2 [Guid] 1348313765 [EditorId] 1348313765 [Version] 1048832 [Id] WindowsEditor(7,MSI) [Debug] 1 [PackageName] WindowsEditor [ProjectName] Editor" joined alternative multi-casting on [225.0.0.222:34997]...

[Physics::Module] Initialized MultithreadedJobDispatcher with 15 workers.
Refreshing native plugins compatible for Editor in 908.13 ms, found 13 plugins.
Preloading 1 native plugins for Editor in 1.42 ms.
Initialize engine version: 2022.3.20f1 (61c2feb0970d)
[Subsystems] Discovering subsystems at path C:/Program Files/Unity/Hub/Editor/2022.3.20f1/Editor/Data/Resources/UnitySubsystems
[Subsystems] Discovering subsystems at path C:/Users/makem/Documents/GitHub/VRUnityTutorial/Assets
GfxDevice: creating device client; threaded=0; jobified=0
Direct3D:
    Version:  Direct3D 11.0 [level 11.1]
    Renderer: AMD Radeon RX 6700M (ID=0x73df)
    Vendor:   ATI
    VRAM:     10194 MB
    Driver:   31.0.14057.5006
Initialize mono
Mono path[0] = 'C:/Program Files/Unity/Hub/Editor/2022.3.20f1/Editor/Data/Managed'
Mono path[1] = 'C:/Program Files/Unity/Hub/Editor/2022.3.20f1/Editor/Data/MonoBleedingEdge/lib/mono/unityjit-win32'
Mono config path = 'C:/Program Files/Unity/Hub/Editor/2022.3.20f1/Editor/Data/MonoBleedingEdge/etc'
Using monoOptions --debugger-agent=transport=dt_socket,embedding=1,server=y,suspend=n,address=127.0.0.1:56236
Begin MonoManager ReloadAssembly
Registering precompiled unity dll's ...
Register platform support module: C:/Program Files/Unity/Hub/Editor/2022.3.20f1/Editor/Data/PlaybackEngines/WebGLSupport/UnityEditor.WebGL.Extensions.dll
Register platform support module: C:/Program Files/Unity/Hub/Editor/2022.3.20f1/Editor/Data/PlaybackEngines/AndroidPlayer/UnityEditor.Android.Extensions.dll
Register platform support module: C:/Program Files/Unity/Hub/Editor/2022.3.20f1/Editor/Data/PlaybackEngines/iOSSupport/UnityEditor.iOS.Extensions.dll
Register platform support module: C:/Program Files/Unity/Hub/Editor/2022.3.20f1/Editor/Data/PlaybackEngines/WindowsStandaloneSupport/UnityEditor.WindowsStandalone.Extensions.dll
Register platform support module: C:/Program Files/Unity/Hub/Editor/2022.3.20f1/Editor/Data/PlaybackEngines/MetroSupport/UnityEditor.UWP.Extensions.dll
Registered in 0.022106 seconds.
- Loaded All Assemblies, in  0.424 seconds
Native extension for UWP target not found
Native extension for WindowsStandalone target not found
[usbmuxd] Start listen thread
[usbmuxd] Listen thread started
Native extension for iOS target not found
Native extension for Android target not found
Android Extension - Scanning For ADB Devices 335 ms
Native extension for WebGL target not found
Mono: successfully reloaded assembly
- Finished resetting the current domain, in  0.744 seconds
Domain Reload Profiling: 1166ms
	BeginReloadAssembly (127ms)
		ExecutionOrderSort (0ms)
		DisableScriptedObjects (0ms)
		BackupInstance (0ms)
		ReleaseScriptingObjects (0ms)
		CreateAndSetChildDomain (1ms)
	RebuildCommonClasses (34ms)
	RebuildNativeTypeToScriptingClass (11ms)
	initialDomainReloadingComplete (82ms)
	LoadAllAssembliesAndSetupDomain (168ms)
		LoadAssemblies (124ms)
		RebuildTransferFunctionScriptingTraits (0ms)
		AnalyzeDomain (165ms)
			TypeCache.Refresh (163ms)
				TypeCache.ScanAssembly (149ms)
			ScanForSourceGeneratedMonoScriptInfo (0ms)
			ResolveRequiredComponents (0ms)
	FinalizeReload (744ms)
		ReleaseScriptCaches (0ms)
		RebuildScriptCaches (0ms)
		SetupLoadedEditorAssemblies (675ms)
			LogAssemblyErrors (0ms)
			InitializePlatformSupportModulesInManaged (493ms)
			SetLoadedEditorAssemblies (3ms)
			RefreshPlugins (0ms)
			BeforeProcessingInitializeOnLoad (2ms)
			ProcessInitializeOnLoadAttributes (120ms)
			ProcessInitializeOnLoadMethodAttributes (56ms)
			AfterProcessingInitializeOnLoad (0ms)
			EditorAssembliesLoaded (0ms)
		ExecutionOrderSort2 (0ms)
		AwakeInstancesAfterBackupRestoration (0ms)
========================================================================
Worker process is ready to serve import requests
Begin MonoManager ReloadAssembly
- Loaded All Assemblies, in  0.860 seconds
Refreshing native plugins compatible for Editor in 20.28 ms, found 13 plugins.
Native extension for UWP target not found
Native extension for WindowsStandalone target not found
Native extension for iOS target not found
Native extension for Android target not found
Native extension for WebGL target not found
Package Manager log level set to [2]
[Package Manager] Server::EnsureServerProcessIsRunning -- launch failed, reason: Unity was launched with the -noUpm command-line argument
[Package Manager] UpmClient::Send -- Unable to send message (not connected to UPM process).
[Package Manager] Cannot connect to Unity Package Manager local server
[Package Manager] Server::EnsureServerProcessIsRunning -- launch failed, reason: Unity was launched with the -noUpm command-line argument
[Package Manager] UpmClient::Send -- Unable to send message (not connected to UPM process).
[Package Manager] Cannot connect to Unity Package Manager local server
System.Reflection.TargetInvocationException: Exception has been thrown by the target of an invocation. ---> System.NullReferenceException: Object reference not set to an instance of an object
  at Unity.XR.Oculus.OculusLoader.AssetPathToAbsolutePath (System.String assetPath) [0x0003d] in .\Library\PackageCache\com.unity.xr.oculus@4.1.2\Runtime\OculusLoader.cs:287 
  at Unity.XR.Oculus.OculusLoader.EditorLoadOVRPlugin () [0x00084] in .\Library\PackageCache\com.unity.xr.oculus@4.1.2\Runtime\OculusLoader.cs:272 
  at (wrapper managed-to-native) System.Reflection.RuntimeMethodInfo.InternalInvoke(System.Reflection.RuntimeMethodInfo,object,object[],System.Exception&)
  at System.Reflection.RuntimeMethodInfo.Invoke (System.Object obj, System.Reflection.BindingFlags invokeAttr, System.Reflection.Binder binder, System.Object[] parameters, System.Globalization.CultureInfo culture) [0x0006a] in <dc753a1061284f8e971ee88ee4826eee>:0 
   --- End of inner exception stack trace ---
  at System.Reflection.RuntimeMethodInfo.Invoke (System.Object obj, System.Reflection.BindingFlags invokeAttr, System.Reflection.Binder binder, System.Object[] parameters, System.Globalization.CultureInfo culture) [0x00083] in <dc753a1061284f8e971ee88ee4826eee>:0 
  at System.Reflection.MethodBase.Invoke (System.Object obj, System.Object[] parameters) [0x00000] in <dc753a1061284f8e971ee88ee4826eee>:0 
  at UnityEditor.EditorAssemblies.ProcessInitializeOnLoadMethodAttributes () [0x000a5] in <5d5ebefe97114215928ac1d9cd096522>:0 
UnityEngine.StackTraceUtility:ExtractStackTrace ()
UnityEngine.DebugLogHandler:LogFormat (UnityEngine.LogType,UnityEngine.Object,string,object[])
UnityEngine.Logger:Log (UnityEngine.LogType,object)
UnityEngine.Debug:LogError (object)
UnityEditor.EditorAssemblies:ProcessInitializeOnLoadMethodAttributes ()

Mono: successfully reloaded assembly
[Package Manager] Server::EnsureServerProcessIsRunning -- launch failed, reason: Unity was launched with the -noUpm command-line argument
[Package Manager] UpmClient::Send -- Unable to send message (not connected to UPM process).
[Package Manager] Cannot connect to Unity Package Manager local server
[Package Manager] Server::EnsureServerProcessIsRunning -- launch failed, reason: Unity was launched with the -noUpm command-line argument
[Package Manager] UpmClient::Send -- Unable to send message (not connected to UPM process).
[Package Manager] Cannot connect to Unity Package Manager local server
- Finished resetting the current domain, in  1.014 seconds
Domain Reload Profiling: 1869ms
	BeginReloadAssembly (164ms)
		ExecutionOrderSort (0ms)
		DisableScriptedObjects (6ms)
		BackupInstance (0ms)
		ReleaseScriptingObjects (0ms)
		CreateAndSetChildDomain (28ms)
	RebuildCommonClasses (38ms)
	RebuildNativeTypeToScriptingClass (14ms)
	initialDomainReloadingComplete (48ms)
	LoadAllAssembliesAndSetupDomain (589ms)
		LoadAssemblies (427ms)
		RebuildTransferFunctionScriptingTraits (0ms)
		AnalyzeDomain (256ms)
			TypeCache.Refresh (209ms)
				TypeCache.ScanAssembly (186ms)
			ScanForSourceGeneratedMonoScriptInfo (33ms)
			ResolveRequiredComponents (12ms)
	FinalizeReload (1014ms)
		ReleaseScriptCaches (0ms)
		RebuildScriptCaches (0ms)
		SetupLoadedEditorAssemblies (790ms)
			LogAssemblyErrors (0ms)
			InitializePlatformSupportModulesInManaged (43ms)
			SetLoadedEditorAssemblies (3ms)
			RefreshPlugins (0ms)
			BeforeProcessingInitializeOnLoad (116ms)
			ProcessInitializeOnLoadAttributes (484ms)
			ProcessInitializeOnLoadMethodAttributes (131ms)
			AfterProcessingInitializeOnLoad (12ms)
			EditorAssembliesLoaded (0ms)
		ExecutionOrderSort2 (0ms)
		AwakeInstancesAfterBackupRestoration (8ms)
Launched and connected shader compiler UnityShaderCompiler.exe after 0.09 seconds
Refreshing native plugins compatible for Editor in 19.71 ms, found 13 plugins.
Preloading 1 native plugins for Editor in 0.07 ms.
Unloading 6369 Unused Serialized files (Serialized files now loaded: 0)
Unloading 120 unused Assets / (0.7 MB). Loaded Objects now: 6864.
Memory consumption went from 250.6 MB to 249.9 MB.
Total: 4.127700 ms (FindLiveObjects: 0.441300 ms CreateObjectMapping: 0.213300 ms MarkObjects: 3.181200 ms  DeleteObjects: 0.291000 ms)

AssetImportParameters requested are different than current active one (requested -> active):
  custom:container-demuxer-ogg: 62fdf1f143b41e24485cea50d1cbac27 -> 
  custom:video-decoder-ogg-theora: a1e56fd34408186e4bbccfd4996cb3dc -> 
  custom:framework-win-MediaFoundation: 216162199b28c13a410421893ffa2e32 -> 
  custom:CustomObjectIndexerAttribute: 62b5816608c3102f162a1797e29626cf -> 
  custom:container-demuxer-webm: 4f35f7cbe854078d1ac9338744f61a02 -> 
  custom:container-muxer-webm: aa71ff27fc2769a1b78a27578f13a17b -> 
  custom:video-decoder-webm-vp8: 9c59270c3fd7afecdb556c50c9e8de78 -> 
  custom:SearchIndexIgnoredProperties: e643bd26f0fe6173181afceb89e7c659 -> 
  custom:AudioImporter_EditorPlatform: d09bf68614088b80899f8185d706f6e7 -> 
  custom:video-encoder-webm-vp8: eb34c28f22e8b96e1ab97ce403110664 -> 
  custom:audio-decoder-ogg-vorbis: bf7c407c2cedff20999df2af8eb42d56 -> 
  custom:audio-encoder-webm-vorbis: bf7c407c2cedff20999df2af8eb42d56 -> 
========================================================================
Received Import Request.
  Time since last request: 22395.339309 seconds.
  path: Assets/Low Poly Cyber Ninja Sword/Model/Materials/MAT_Sword_Cyber_Honesty.mat
  artifactKey: Guid(0a9dca16f027daa41b20cdda3ee17aee) Importer(815301076,1909f56bfc062723c751e8b465ee728b)
Start importing Assets/Low Poly Cyber Ninja Sword/Model/Materials/MAT_Sword_Cyber_Honesty.mat using Guid(0a9dca16f027daa41b20cdda3ee17aee) Importer(815301076,1909f56bfc062723c751e8b465ee728b)  -> (artifact id: '9421fa553612243032718ee7774034bb') in 0.634617 seconds
Number of updated asset objects reloaded before import = 0
Number of asset objects unloaded after import = 6
========================================================================
Received Import Request.
  Time since last request: 5.053426 seconds.
  path: Assets/Low Poly Cyber Ninja Sword/Prefabs/Prefab_Sword_Cyber_Honesty.prefab
  artifactKey: Guid(0016c340f5d82ff48b1756e37efa425b) Importer(815301076,1909f56bfc062723c751e8b465ee728b)
Start importing Assets/Low Poly Cyber Ninja Sword/Prefabs/Prefab_Sword_Cyber_Honesty.prefab using Guid(0016c340f5d82ff48b1756e37efa425b) Importer(815301076,1909f56bfc062723c751e8b465ee728b)  -> (artifact id: '86ba4809010e45c2a526399db2dec368') in 0.256078 seconds
Number of updated asset objects reloaded before import = 0
Number of asset objects unloaded after import = 13
========================================================================
Received Import Request.
  Time since last request: 0.000039 seconds.
  path: Assets/Low Poly Cyber Ninja Sword/Prefabs/Prefab_Sword_Cyber_Plasma.prefab
  artifactKey: Guid(38833800f7af1784180d220b342afb9f) Importer(815301076,1909f56bfc062723c751e8b465ee728b)
Start importing Assets/Low Poly Cyber Ninja Sword/Prefabs/Prefab_Sword_Cyber_Plasma.prefab using Guid(38833800f7af1784180d220b342afb9f) Importer(815301076,1909f56bfc062723c751e8b465ee728b)  -> (artifact id: '58cffaa47e8699932cf5abf0c64a06d6') in 0.257008 seconds
Number of updated asset objects reloaded before import = 0
Number of asset objects unloaded after import = 14
========================================================================
Received Import Request.
  Time since last request: 5.506644 seconds.
  path: Assets/Low Poly Cyber Ninja Sword/Textures/Sword_Cyber_Broken_Roughness.png
  artifactKey: Guid(85cf9c7c043b4cd4f92937b7b70a987c) Importer(815301076,1909f56bfc062723c751e8b465ee728b)
Start importing Assets/Low Poly Cyber Ninja Sword/Textures/Sword_Cyber_Broken_Roughness.png using Guid(85cf9c7c043b4cd4f92937b7b70a987c) Importer(815301076,1909f56bfc062723c751e8b465ee728b)  -> (artifact id: '6ebe1e7b2297d40deb6e98eb7e41dc9a') in 0.075995 seconds
Number of updated asset objects reloaded before import = 0
Number of asset objects unloaded after import = 2
========================================================================
Received Import Request.
  Time since last request: 0.000028 seconds.
  path: Assets/Low Poly Cyber Ninja Sword/Textures/Sword_Cyber_Honesty_MetallicSmoothness.png
  artifactKey: Guid(1108c3c29fd53f340b10bb08fe14c015) Importer(815301076,1909f56bfc062723c751e8b465ee728b)
Start importing Assets/Low Poly Cyber Ninja Sword/Textures/Sword_Cyber_Honesty_MetallicSmoothness.png using Guid(1108c3c29fd53f340b10bb08fe14c015) Importer(815301076,1909f56bfc062723c751e8b465ee728b)  -> (artifact id: 'b0c19d13386d8ed92c1ce1c8e6755036') in 0.091330 seconds
Number of updated asset objects reloaded before import = 0
Number of asset objects unloaded after import = 2
========================================================================
Received Import Request.
  Time since last request: 0.000038 seconds.
  path: Assets/Low Poly Cyber Ninja Sword/Textures/Sword_Cyber_Honesty_Normal.png
  artifactKey: Guid(ed1ba48a0f69b714b85e7e15cf9a2313) Importer(815301076,1909f56bfc062723c751e8b465ee728b)
Start importing Assets/Low Poly Cyber Ninja Sword/Textures/Sword_Cyber_Honesty_Normal.png using Guid(ed1ba48a0f69b714b85e7e15cf9a2313) Importer(815301076,1909f56bfc062723c751e8b465ee728b)  -> (artifact id: 'f643ed96bbf09fce72b7230c194f1528') in 0.087488 seconds
Number of updated asset objects reloaded before import = 0
Number of asset objects unloaded after import = 2
========================================================================
Received Import Request.
  Time since last request: 0.000025 seconds.
  path: Assets/Low Poly Cyber Ninja Sword/Textures/Sword_Cyber_Defeated_MetallicSmoothness.png
  artifactKey: Guid(23fcd34207fd05b4fa104d14acca9590) Importer(815301076,1909f56bfc062723c751e8b465ee728b)
Start importing Assets/Low Poly Cyber Ninja Sword/Textures/Sword_Cyber_Defeated_MetallicSmoothness.png using Guid(23fcd34207fd05b4fa104d14acca9590) Importer(815301076,1909f56bfc062723c751e8b465ee728b)  -> (artifact id: '664d2b8df7cd16653e6798f03ec91528') in 0.076156 seconds
Number of updated asset objects reloaded before import = 0
Number of asset objects unloaded after import = 2
========================================================================
Received Import Request.
  Time since last request: 0.000024 seconds.
  path: Assets/Low Poly Cyber Ninja Sword/Textures/Sword_Cyber_Plasma_Emission.png
  artifactKey: Guid(1e6b32ed5a9fcba47a55618d867c0694) Importer(815301076,1909f56bfc062723c751e8b465ee728b)
Start importing Assets/Low Poly Cyber Ninja Sword/Textures/Sword_Cyber_Plasma_Emission.png using Guid(1e6b32ed5a9fcba47a55618d867c0694) Importer(815301076,1909f56bfc062723c751e8b465ee728b)  -> (artifact id: '59973f3552e276a4c600eeea2cfbb08f') in 0.064855 seconds
Number of updated asset objects reloaded before import = 0
Number of asset objects unloaded after import = 2
========================================================================
Received Import Request.
  Time since last request: 0.000028 seconds.
  path: Assets/Low Poly Cyber Ninja Sword/Textures/Sword_Cyber_Magma_Roughness.png
  artifactKey: Guid(82e56beab738cc949a76a4ebfa957eb0) Importer(815301076,1909f56bfc062723c751e8b465ee728b)
Start importing Assets/Low Poly Cyber Ninja Sword/Textures/Sword_Cyber_Magma_Roughness.png using Guid(82e56beab738cc949a76a4ebfa957eb0) Importer(815301076,1909f56bfc062723c751e8b465ee728b)  -> (artifact id: 'db4f1b08a5dc14596ffc62f077cb701c') in 0.064626 seconds
Number of updated asset objects reloaded before import = 0
Number of asset objects unloaded after import = 2
========================================================================
Received Import Request.
  Time since last request: 0.000038 seconds.
  path: Assets/Low Poly Cyber Ninja Sword/Textures/Sword_Cyber_Plasma_Roughness.png
  artifactKey: Guid(a4476af1bdff8ce4b899b825cc2828df) Importer(815301076,1909f56bfc062723c751e8b465ee728b)
Start importing Assets/Low Poly Cyber Ninja Sword/Textures/Sword_Cyber_Plasma_Roughness.png using Guid(a4476af1bdff8ce4b899b825cc2828df) Importer(815301076,1909f56bfc062723c751e8b465ee728b)  -> (artifact id: 'b26f70615ac98a96ea4f9d76f346b89a') in 0.059969 seconds
Number of updated asset objects reloaded before import = 0
Number of asset objects unloaded after import = 2
========================================================================
Received Import Request.
  Time since last request: 0.000020 seconds.
  path: Assets/Low Poly Cyber Ninja Sword/Textures/Sword_Cyber_Nightstrike_Roughness.png
  artifactKey: Guid(caa7d3de033fa5b49a9defa0c953c958) Importer(815301076,1909f56bfc062723c751e8b465ee728b)
Start importing Assets/Low Poly Cyber Ninja Sword/Textures/Sword_Cyber_Nightstrike_Roughness.png using Guid(caa7d3de033fa5b49a9defa0c953c958) Importer(815301076,1909f56bfc062723c751e8b465ee728b)  -> (artifact id: '678771a0451a6f4a5a330b4effb9fbd1') in 0.065733 seconds
Number of updated asset objects reloaded before import = 0
Number of asset objects unloaded after import = 2
Editor requested this worker to shutdown with reason: Scaling down because of idle timeout
TcpMessagingSession - receive error: operation aborted. errorcode: 995, details: The I/O operation has been aborted because of either a thread exit or an application request.
AssetImportWorker is now disconnected from the server
Process exiting
Exiting without the bug reporter. Application will terminate with return code 0